0 1
15 2
30 3
45 4
60 5
75 6
90 7
105 8
120 9
135 10
150 11
165 12
180 13
195 14
210 15
225 16
240 17
255 18
270 19
285 20
300 21
315 22
330 23
345 24
360 25
375 26
390 27
405 28
420 29
435 30
450 31
465 32
480 33
495 34
510 35
525 36
540 37
555 38
570 39
585 40
600 41
615 42
630 43
645 44
660 45
675 46
690 47
705 48
720 49
735 50
750 51
765 52
780 53
795 54
810 55
825 56
840 57
855 58
870 59
885 60
900 61
915 62
930 63
945 64
960 65
975 66
990 67
1005 68
1020 69
1035 70
1050 71
1065 72
1080 73
1095 74
1110 75
1125 76
1140 77
1155 78
1170 79
1185 80
1200 81
1215 82
1230 83
1245 84
1260 85
1275 86
1290 87
1305 88
1320 89
1335 90
1350 91
1365 92
1380 93
1395 94
1410 95
1425 96
1440 97
1455 98
1470 99
1485 100
1500 101
1515 102
1530 103
1545 104
1560 105
1575 106
1590 107
1605 108
1620 109
1635 110
1650 111
1665 112
1680 113
1695 114
1710 115
1725 116
1740 117
1755 118
1770 119
1785 120
1800 121
1815 122
1830 123
1845 124
1860 125
1875 126
1890 127
1905 128
1920 129
1935 130
1950 131
1965 132
1980 133
1995 134
2010 135
2025 136
2040 137
2055 138
2070 139
2085 140
2100 141
2115 142
2130 143
2145 144
2160 145
2175 146
2190 147
2205 148
2220 149
2235 150
2250 151
2265 152
2280 153
2295 154
2310 155
2325 156
2340 157
2355 158
2370 159
2385 160
2400 161
2415 162
2430 163
2445 164
2460 165
2475 166
2490 167
2505 168
2520 169
2535 170
2550 171
2565 172
2580 173
2595 174
2610 175
2625 176
2640 177
2655 178
2670 179
2685 180
2700 181
2715 182
2730 183
2745 184
2760 185
2775 186
2790 187
2805 188
2820 189
2835 190
2850 191
2865 192
2880 193
2895 194
2910 195
2925 196
2940 197
2955 198
2970 199
2985 200
3000 201
3015 202
3030 203
3045 204
3060 205
3075 206
3090 207
3105 208
3120 209
3135 210
3150 211
3165 212
3180 213
3195 214
3210 215
3225 216
3240 217
3255 218
3270 219
3285 220
3300 221
3315 222
3330 223
3345 224
3360 225
3375 226
3390 227
3405 228
3420 229
3435 230
3450 231
3465 232
3480 233
3495 234
3510 235
3525 236
3540 237
3555 238
3570 239
3585 240
3600 241
3615 242
3630 243
3645 244
3660 245
3675 246
3690 247
3705 248
3720 249
3735 250
3750 251
3765 252
3780 253
3795 254
3810 255
3825 256
3840 257
3855 258
3870 259
3885 260
3900 261
3915 262
3930 263
3945 264
3960 265
3975 266
3990 267
4005 268
4020 269
4035 270
4050 271
4065 272
4080 273
4095 274
4110 275
4125 276
4140 277
4155 278
4170 279
4185 280
4200 281
4215 282
4230 283
4245 284
4260 285
4275 286
4290 287
4305 288
4320 289
4335 290
4350 291
4365 292
4380 293
4395 294
4410 295
4425 296
4440 297
4455 298
4470 299
4485 300
4500 301
4515 302
4530 303
4545 304
4560 305
4575 306
4590 307
4605 308
4620 309
4635 310
4650 311
4665 312
4680 313
4695 314
4710 315
4725 316
4740 317
4755 318
4770 319
4785 320
4800 321
4815 322
4830 323
4845 324
4860 325
4875 326
4890 327
4905 328
4920 329
4935 330
4950 331
4965 332
4980 333
4995 334
5010 335
5025 336
5040 337
5055 338
5070 339
5085 340
5100 341
5115 342
5130 343
5145 344
5160 345
5175 346
5190 347
5205 348
5220 349
5235 350
5250 351
5265 352
5280 353
5295 354
5310 355
5325 356
5340 357
5355 358
5370 359
5385 360
5400 361
5415 362
5430 363
5445 364
5460 365
5475 366
5490 367
5505 368
5520 369
5535 370
5550 371
5565 372
5580 373
5595 374
5610 375
5625 376
5640 377
5655 378
5670 379
5685 380
5700 381
5715 382
5730 383
5745 384
5760 385
5775 386
5790 387
5805 388
5820 389
5835 390
5850 391
5865 392
5880 393
5895 394
5910 395
5925 396
5940 397
5955 398
5970 399
5985 400
6000 401
6015 402
6030 403
6045 404
6060 405
6075 406
6090 407
6105 408
6120 409
6135 410
6150 411
6165 412
6180 413
6195 414
6210 415
6225 416
6240 417
6255 418
6270 419
6285 420
6300 421
6315 422
6330 423
6345 424
6360 425
6375 426
6390 427
6405 428
6420 429
6435 430
6450 431
6465 432
6480 433
6495 434
6510 435
6525 436
6540 437
6555 438
6570 439
6585 440
6600 441
6615 442
6630 443
6645 444
6660 445
6675 446
6690 447
6705 448
6720 449
6735 450
6750 451
6765 452
6780 453
6795 454
6810 455
6825 456
6840 457
6855 458
6870 459
6885 460
6900 461
6915 462
6930 463
6945 464
6960 465
6975 466
6990 467
7005 468
7020 469
7035 470
7050 471
7065 472
7080 473
7095 474
7110 475
7125 476
7140 477
7155 478
7170 479
7185 480
7200 481
7215 482
7230 483
7245 484
7260 485
7275 486
7290 487
7305 488
7320 489
7335 490
7350 491
7365 492
7380 493
7395 494
7410 495
7425 496
7440 497
7455 498
7470 499
7485 500
7500 501
7515 502
7530 503
7545 504
7560 505
7575 506
7590 507
7605 508
7620 509
7635 510
7650 511
7665 512
7680 513
7695 514
7710 515
7725 516
7740 517
7755 518
7770 519
7785 520
7800 521
7815 522
7830 523
7845 524
7860 525
7875 526
7890 527
7905 528
7920 529
7935 530
7950 531
7965 532
7980 533
7995 534
8010 535
8025 536
8040 537
8055 538
8070 539
8085 540
8100 541
8115 542
8130 543
8145 544
8160 545
8175 546
8190 547
8205 548
8220 549
8235 550
8250 551
8265 552
8280 553
8295 554
8310 555
8325 556
8340 557
8355 558
8370 559
8385 560
8400 561
8415 562
8430 563
8445 564
8460 565
8475 566
8490 567
8505 568
8520 569
8535 570
8550 571
8565 572
8580 573
8595 574
8610 575
8625 576
8640 577
8655 578
8670 579
8685 580
8700 581
8715 582
8730 583
8745 584
8760 585
8775 586
8790 587
8805 588
8820 589
8835 590
8850 591
8865 592
8880 593
8895 594
8910 595
8925 596
8940 597
8955 598
8970 599
8985 600
9000 601
9015 602
9030 603
9045 604
9060 605
9075 606
9090 607
9105 608
9120 609
9135 610
9150 611
9165 612
9180 613
9195 614
9210 615
9225 616
9240 617
9255 618
9270 619
9285 620
9300 621
9315 622
9330 623
9345 624
9360 625
9375 626
9390 627
9405 628
9420 629
9435 630
9450 631
9465 632
9480 633
9495 634
9510 635
9525 636
9540 637
9555 638
9570 639
9585 640
9600 641
9615 642
9630 643
9645 644
9660 645
9675 646
9690 647
9705 648
9720 649
9735 650
9750 651
9765 652
9780 653
9795 654
9810 655
9825 656
9840 657
9855 658
9870 659
9885 660
9900 661
9915 662
9930 663
9945 664
9960 665
9975 666
9990 667
News data saved to news_data_0.json with 10005 articles
0 668
15 669
30 670
45 671
60 672
75 673
90 674
105 675
120 676
135 677
150 678
165 679
180 680
195 681
210 682
225 683
240 684
255 685
270 686
285 687
300 688
315 689
330 690
345 691
360 692
375 693
390 694
405 695
420 696
435 697
450 698
465 699
480 700
495 701
510 702
525 703
540 704
555 705
570 706
585 707
600 708
615 709
630 710
645 711
660 712
675 713
690 714
705 715
720 716
735 717
750 718
765 719
780 720
795 721
810 722
825 723
840 724
855 725
870 726
885 727
900 728
915 729
930 730
945 731
960 732
975 733
990 734
1005 735
1020 736
1035 737
1050 738
1065 739
1080 740
1095 741
1110 742
1125 743
1140 744
1155 745
1170 746
1185 747
1200 748
1215 749
1230 750
1245 751
1260 752
1275 753
1290 754
1305 755
1320 756
1335 757
1350 758
1365 759
1380 760
1395 761
1410 762
1425 763
1440 764
1455 765
1470 766
1485 767
1500 768
1515 769
1530 770
1545 771
1560 772
1575 773
1590 774
1605 775
1620 776
1635 777
1650 778
1665 779
1680 780
1695 781
1710 782
1725 783
1740 784
1755 785
1770 786
1785 787
1800 788
1815 789
1830 790
1845 791
1860 792
1875 793
1890 794
1905 795
1920 796
1935 797
1950 798
1965 799
1980 800
1995 801
2010 802
2025 803
2040 804
2055 805
2070 806
2085 807
2100 808
2115 809
2130 810
2145 811
2160 812
2175 813
2190 814
2205 815
2220 816
2235 817
2250 818
2265 819
2280 820
2295 821
2310 822
2325 823
2340 824
2355 825
2370 826
2385 827
2400 828
2415 829
2430 830
2445 831
2460 832
2475 833
2490 834
2505 835
2520 836
2535 837
2550 838
2565 839
2580 840
2595 841
2610 842
2625 843
2640 844
2655 845
2670 846
2685 847
2700 848
2715 849
2730 850
2745 851
2760 852
2775 853
2790 854
2805 855
2820 856
2835 857
2850 858
2865 859
2880 860
2895 861
2910 862
2925 863
2940 864
2955 865
2970 866
2985 867
3000 868
3015 869
3030 870
3045 871
3060 872
3075 873
3090 874
3105 875
3120 876
3135 877
3150 878
3165 879
3180 880
3195 881
3210 882
3225 883
3240 884
3255 885
3270 886
3285 887
3300 888
3315 889
3330 890
3345 891
3360 892
3375 893
3390 894
3405 895
3420 896
3435 897
3450 898
3465 899
3480 900
3495 901
3510 902
3525 903
3540 904
3555 905
3570 906
3585 907
3600 908
3615 909
3630 910
3645 911
3660 912
3675 913
3690 914
3705 915
3720 916
3735 917
3750 918
3765 919
3780 920
3795 921
3810 922
3825 923
3840 924
3855 925
3870 926
3885 927
3900 928
3915 929
3930 930
3945 931
3960 932
3975 933
3990 934
4005 935
4020 936
4035 937
4050 938
4065 939
4080 940
4095 941
4110 942
4125 943
4140 944
4155 945
4170 946
4185 947
4200 948
4215 949
4230 950
4245 951
4260 952
4275 953
4290 954
4305 955
4320 956
4335 957
4350 958
4365 959
4380 960
4395 961
4410 962
4425 963
4440 964
4455 965
4470 966
4485 967
4500 968
4515 969
4530 970
4545 971
4560 972
4575 973
4590 974
4605 975
4620 976
4635 977
4650 978
4665 979
4680 980
4695 981
4710 982
4725 983
4740 984
4755 985
4770 986
4785 987
4800 988
4815 989
4830 990
4845 991
4860 992
4875 993
4890 994
4905 995
4920 996
4935 997
4950 998
4965 999
4980 1000
4995 1001
5010 1002
5025 1003
5040 1004
5055 1005
5070 1006
5085 1007
5100 1008
5115 1009
5130 1010
5145 1011
5160 1012
5175 1013
5190 1014
5205 1015
5220 1016
5235 1017
5250 1018
5265 1019
5280 1020
5295 1021
5310 1022
5325 1023
5340 1024
5355 1025
5370 1026
5385 1027
5400 1028
5415 1029
5430 1030
5445 1031
5460 1032
5475 1033
5490 1034
5505 1035
5520 1036
5535 1037
5550 1038
5565 1039
5580 1040
5595 1041
5610 1042
5625 1043
5640 1044
5655 1045
5670 1046
5685 1047
5700 1048
5715 1049
5730 1050
5745 1051
5760 1052
5775 1053
5790 1054
5805 1055
5820 1056
5835 1057
5850 1058
5865 1059
5880 1060
5895 1061
5910 1062
5925 1063
5940 1064
5955 1065
5970 1066
5985 1067
6000 1068
6015 1069
6030 1070
6045 1071
6060 1072
6075 1073
6090 1074
6105 1075
6120 1076
6135 1077
6150 1078
6165 1079
6180 1080
6195 1081
6210 1082
6225 1083
6240 1084
6255 1085
6270 1086
6285 1087
6300 1088
6315 1089
6330 1090
6345 1091
6360 1092
6375 1093
6390 1094
6405 1095
6420 1096
6435 1097
6450 1098
6465 1099
6480 1100
6495 1101
6510 1102
6525 1103
6540 1104
6555 1105
6570 1106
6585 1107
6600 1108
6615 1109
6630 1110
6645 1111
6660 1112
6675 1113
6690 1114
6705 1115
6720 1116
6735 1117
6750 1118
6765 1119
6780 1120
6795 1121
6810 1122
6825 1123
6840 1124
6855 1125
6870 1126
6885 1127
6900 1128
6915 1129
6930 1130
6945 1131
6960 1132
6975 1133
6990 1134
7005 1135
7020 1136
7035 1137
7050 1138
7065 1139
7080 1140
7095 1141
7110 1142
7125 1143
7140 1144
7155 1145
7170 1146
7185 1147
7200 1148
7215 1149
7230 1150
7245 1151
7260 1152
7275 1153
7290 1154
7305 1155
7320 1156
7335 1157
7350 1158
7365 1159
7380 1160
7395 1161
7410 1162
7425 1163
7440 1164
7455 1165
7470 1166
7485 1167
7500 1168
7515 1169
7530 1170
7545 1171
7560 1172
7575 1173
7590 1174
7605 1175
7620 1176
7635 1177
7650 1178
7665 1179
7680 1180
7695 1181
7710 1182
7725 1183
7740 1184
7755 1185
7770 1186
7785 1187
7800 1188
7815 1189
7830 1190
7845 1191
7860 1192
7875 1193
7890 1194
7905 1195
7920 1196
7935 1197
7950 1198
7965 1199
7980 1200
7995 1201
8010 1202
8025 1203
8040 1204
8055 1205
8070 1206
8085 1207
8100 1208
8115 1209
8130 1210
8145 1211
8160 1212
8175 1213
8190 1214
8205 1215
8220 1216
8235 1217
8250 1218
8265 1219
8280 1220
8295 1221
8310 1222
8325 1223
8340 1224
8355 1225
8370 1226
8385 1227
8400 1228
8415 1229
8430 1230
8445 1231
8460 1232
8475 1233
8490 1234
8505 1235
8520 1236
8535 1237
8550 1238
8565 1239
8580 1240
8595 1241
8610 1242
8625 1243
8640 1244
8655 1245
8670 1246
8685 1247
8700 1248
8715 1249
8730 1250
8745 1251
8760 1252
8775 1253
8790 1254
8805 1255
8820 1256
8835 1257
8850 1258
8865 1259
8880 1260
8895 1261
8910 1262
8925 1263
8940 1264
8955 1265
8970 1266
8985 1267
9000 1268
9015 1269
9030 1270
9045 1271
9060 1272
9075 1273
9090 1274
9105 1275
9120 1276
9135 1277
9150 1278
9165 1279
9180 1280
9195 1281
9210 1282
9225 1283
9240 1284
9255 1285
9270 1286
9285 1287
9300 1288
9315 1289
9330 1290
9345 1291
9360 1292
9375 1293
9390 1294
9405 1295
9420 1296
9435 1297
9450 1298
9465 1299
9480 1300
9495 1301
9510 1302
9525 1303
9540 1304
9555 1305
9570 1306
9585 1307
9600 1308
9615 1309
9630 1310
9645 1311
9660 1312
9675 1313
9690 1314
9705 1315
9720 1316
9735 1317
9750 1318
9765 1319
9780 1320
9795 1321
9810 1322
9825 1323
9840 1324
9855 1325
9870 1326
9885 1327
9900 1328
9915 1329
9930 1330
9945 1331
9960 1332
9975 1333
9990 1334
News data saved to news_data_1.json with 10005 articles
0 1335
15 1336
30 1337
45 1338
60 1339
75 1340
90 1341
105 1342
120 1343
135 1344
150 1345
165 1346
180 1347
195 1348
210 1349
225 1350
240 1351
255 1352
270 1353
285 1354
300 1355
315 1356
330 1357
345 1358
360 1359
375 1360
390 1361
405 1362
420 1363
435 1364
450 1365
465 1366
480 1367
495 1368
510 1369
525 1370
540 1371
555 1372
570 1373
585 1374
600 1375
615 1376
630 1377
645 1378
660 1379
675 1380
690 1381
705 1382
720 1383
735 1384
750 1385
765 1386
780 1387
795 1388
810 1389
825 1390
840 1391
855 1392
870 1393
885 1394
900 1395
915 1396
930 1397
945 1398
960 1399
975 1400
990 1401
1005 1402
1020 1403
1035 1404
1050 1405
1065 1406
1080 1407
1095 1408
1110 1409
1125 1410
1140 1411
1155 1412
1170 1413
1185 1414
1200 1415
1215 1416
1230 1417
1245 1418
1260 1419
1275 1420
1290 1421
1305 1422
1320 1423
1335 1424
1350 1425
1365 1426
1380 1427
1395 1428
1410 1429
1425 1430
1440 1431
1455 1432
1470 1433
1485 1434
1500 1435
1515 1436
1530 1437
1545 1438
1560 1439
1575 1440
1590 1441
1605 1442
1620 1443
1635 1444
1650 1445
1665 1446
1680 1447
1695 1448
1710 1449
1725 1450
1740 1451
1755 1452
1770 1453
1785 1454
1800 1455
1815 1456
1830 1457
1845 1458
1860 1459
1875 1460
1890 1461
1905 1462
1920 1463
1935 1464
1950 1465
1965 1466
1980 1467
1995 1468
2010 1469
2025 1470
2040 1471
2055 1472
2070 1473
2085 1474
2100 1475
2115 1476
2130 1477
2145 1478
2160 1479
2175 1480
2190 1481
2205 1482
2220 1483
2235 1484
2250 1485
2265 1486
2280 1487
2295 1488
2310 1489
2325 1490
2340 1491
2355 1492
2370 1493
2385 1494
2400 1495
2415 1496
2430 1497
2445 1498
2460 1499
2475 1500
2490 1501
2505 1502
2520 1503
2535 1504
2550 1505
2565 1506
2580 1507
2595 1508
2610 1509
2625 1510
2640 1511
2655 1512
2670 1513
2685 1514
2700 1515
2715 1516
2730 1517
2745 1518
2760 1519
2775 1520
2790 1521
2805 1522
2820 1523
2835 1524
2850 1525
2865 1526
2880 1527
2895 1528
2910 1529
2925 1530
2940 1531
2955 1532
2970 1533
2985 1534
3000 1535
3015 1536
3030 1537
3045 1538
3060 1539
3075 1540
3090 1541
3105 1542
3120 1543
3135 1544
3150 1545
3165 1546
3180 1547
3195 1548
3210 1549
3225 1550
3240 1551
3255 1552
3270 1553
3285 1554
3300 1555
3315 1556
3330 1557
3345 1558
3360 1559
3375 1560
3390 1561
3405 1562
3420 1563
3435 1564
3450 1565
3465 1566
3480 1567
3495 1568
3510 1569
3525 1570
3540 1571
3555 1572
3570 1573
3585 1574
3600 1575
3615 1576
3630 1577
3645 1578
3660 1579
3675 1580
3690 1581
3705 1582
3720 1583
3735 1584
3750 1585
3765 1586
3780 1587
3795 1588
3810 1589
3825 1590
3840 1591
3855 1592
3870 1593
3885 1594
3900 1595
3915 1596
3930 1597
3945 1598
3960 1599
3975 1600
3990 1601
4005 1602
4020 1603
4035 1604
4050 1605
4065 1606
4080 1607
4095 1608
4110 1609
4125 1610
4140 1611
4155 1612
4170 1613
4185 1614
4200 1615
4215 1616
4230 1617
4245 1618
4260 1619
4275 1620
4290 1621
4305 1622
4320 1623
4335 1624
4350 1625
4365 1626
4380 1627
4395 1628
4410 1629
4425 1630
4440 1631
4455 1632
4470 1633
4485 1634
4500 1635
4515 1636
4530 1637
4545 1638
4560 1639
4575 1640
4590 1641
4605 1642
4620 1643
4635 1644
4650 1645
4665 1646
4680 1647
4695 1648
4710 1649
4725 1650
4740 1651
4755 1652
4770 1653
4785 1654
4800 1655
4815 1656
4830 1657
4845 1658
4860 1659
4875 1660
4890 1661
4905 1662
4920 1663
4935 1664
4950 1665
4965 1666
4980 1667
4995 1668
5010 1669
5025 1670
5040 1671
5055 1672
5070 1673
5085 1674
5100 1675
5115 1676
5130 1677
5145 1678
5160 1679
5175 1680
5190 1681
5205 1682
5220 1683
5235 1684
5250 1685
5265 1686
5280 1687
5295 1688
5310 1689
5325 1690
5340 1691
5355 1692
5370 1693
5385 1694
5400 1695
5415 1696
5430 1697
5445 1698
5460 1699
5475 1700
5490 1701
5505 1702
5520 1703
5535 1704
5550 1705
5565 1706
5580 1707
5595 1708
5610 1709
5625 1710
5640 1711
5655 1712
5670 1713
5685 1714
5700 1715
5715 1716
5730 1717
5745 1718
5760 1719
5775 1720
5790 1721
5805 1722
5820 1723
5835 1724
5850 1725
5865 1726
5880 1727
5895 1728
5910 1729
5925 1730
5940 1731
5955 1732
5970 1733
5985 1734
6000 1735
6015 1736
6030 1737
6045 1738
6060 1739
6075 1740
6090 1741
6105 1742
6120 1743
6135 1744
6150 1745
6165 1746
6180 1747
6195 1748
6210 1749
6225 1750
6240 1751
6255 1752
6270 1753
6285 1754
6300 1755
6315 1756
6330 1757
6345 1758
6360 1759
6375 1760
6390 1761
6405 1762
6420 1763
6435 1764
6450 1765
6465 1766
6480 1767
6495 1768
6510 1769
6525 1770
6540 1771
6555 1772
6570 1773
6585 1774
6600 1775
6615 1776
6630 1777
6645 1778
6660 1779
6675 1780
6690 1781
6705 1782
6720 1783
6735 1784
6750 1785
6765 1786
6780 1787
6795 1788
6810 1789
6825 1790
6840 1791
6855 1792
6870 1793
6885 1794
6900 1795
6915 1796
6930 1797
6945 1798
6960 1799
6975 1800
6990 1801
7005 1802
7020 1803
7035 1804
7050 1805
7065 1806
7080 1807
7095 1808
7110 1809
7125 1810
7140 1811
7155 1812
7170 1813
7185 1814
7200 1815
7215 1816
7230 1817
7245 1818
7260 1819
7275 1820
7290 1821
7305 1822
7320 1823
7335 1824
7350 1825
7365 1826
7380 1827
7395 1828
7410 1829
7425 1830
7440 1831
7455 1832
7470 1833
7485 1834
7500 1835
7515 1836
7530 1837
7545 1838
7560 1839
7575 1840
7590 1841
7605 1842
7620 1843
7635 1844
7650 1845
7665 1846
7680 1847
7695 1848
7710 1849
7725 1850
7740 1851
7755 1852
7770 1853
7785 1854
7800 1855
7815 1856
7830 1857
7845 1858
7860 1859
7875 1860
7890 1861
7905 1862
7920 1863
7935 1864
7950 1865
7965 1866
7980 1867
7995 1868
8010 1869
8025 1870
8040 1871
8055 1872
8070 1873
8085 1874
8100 1875
8115 1876
8130 1877
8145 1878
8160 1879
8175 1880
8190 1881
8205 1882
8220 1883
8235 1884
8250 1885
8265 1886
8280 1887
8295 1888
8310 1889
8325 1890
8340 1891
8355 1892
8370 1893
8385 1894
8400 1895
8415 1896
8430 1897
8445 1898
8460 1899
8475 1900
8490 1901
8505 1902
8520 1903
8535 1904
8550 1905
8565 1906
8580 1907
8595 1908
8610 1909
8625 1910
8640 1911
8655 1912
8670 1913
8685 1914
8700 1915
8715 1916
8730 1917
8745 1918
8760 1919
8775 1920
8790 1921
8805 1922
8820 1923
8835 1924
8850 1925
8865 1926
8880 1927
8895 1928
8910 1929
8925 1930
8940 1931
8955 1932
8970 1933
8985 1934
9000 1935
9015 1936
9030 1937
9045 1938
9060 1939
9075 1940
9090 1941
9105 1942
9120 1943
9135 1944
9150 1945
9165 1946
9180 1947
9195 1948
9210 1949
9225 1950
9240 1951
9255 1952
9270 1953
9285 1954
9300 1955
9315 1956
9330 1957
9345 1958
9360 1959
9375 1960
9390 1961
9405 1962
9420 1963
9435 1964
9450 1965
9465 1966
9480 1967
9495 1968
9510 1969
9525 1970
9540 1971
9555 1972
9570 1973
9585 1974
9600 1975
9615 1976
9630 1977
9645 1978
9660 1979
9675 1980
9690 1981
9705 1982
9720 1983
9735 1984
9750 1985
9765 1986
9780 1987
9795 1988
9810 1989
9825 1990
9840 1991
9855 1992
9870 1993
9885 1994
9900 1995
9915 1996
9930 1997
9945 1998
9960 1999
9975 2000
9990 2001
News data saved to news_data_2.json with 10005 articles
0 2002
15 2003
30 2004
45 2005
60 2006
75 2007
90 2008
105 2009
120 2010
135 2011
150 2012
165 2013
180 2014
195 2015
210 2016
225 2017
240 2018
255 2019
270 2020
285 2021
300 2022
315 2023
330 2024
345 2025
360 2026
375 2027
390 2028
405 2029
420 2030
435 2031
450 2032
465 2033
480 2034
495 2035
510 2036
525 2037
540 2038
555 2039
570 2040
585 2041
600 2042
615 2043
630 2044
645 2045
660 2046
675 2047
690 2048
705 2049
720 2050
735 2051
750 2052
765 2053
780 2054
795 2055
810 2056
825 2057
840 2058
855 2059
870 2060
885 2061
900 2062
915 2063
930 2064
945 2065
960 2066
975 2067
990 2068
1005 2069
1020 2070
1035 2071
1050 2072
1065 2073
1080 2074
1095 2075
1110 2076
1125 2077
1140 2078
1155 2079
1170 2080
1185 2081
1200 2082
1215 2083
1230 2084
1245 2085
1260 2086
1275 2087
1290 2088
1305 2089
1320 2090
1335 2091
1350 2092
1365 2093
1380 2094
1395 2095
1410 2096
1425 2097
1440 2098
1455 2099
1470 2100
1485 2101
1500 2102
1515 2103
1530 2104
1545 2105
1560 2106
1575 2107
1590 2108
1605 2109
1620 2110
1635 2111
1650 2112
1665 2113
1680 2114
1695 2115
1710 2116
1725 2117
1740 2118
1755 2119
1770 2120
1785 2121
1800 2122
1815 2123
1830 2124
1845 2125
1860 2126
1875 2127
1890 2128
1905 2129
1920 2130
1935 2131
1950 2132
1965 2133
1980 2134
1995 2135
2010 2136
2025 2137
2040 2138
2055 2139
2070 2140
2085 2141
2100 2142
2115 2143
2130 2144
2145 2145
2160 2146
2175 2147
2190 2148
2205 2149
2220 2150
2235 2151
2250 2152
2265 2153
2280 2154
2295 2155
2310 2156
2325 2157
2340 2158
2355 2159
2370 2160
2385 2161
2400 2162
2415 2163
2430 2164
2445 2165
2460 2166
2475 2167
2490 2168
2505 2169
2520 2170
2535 2171
2550 2172
2565 2173
2580 2174
2595 2175
2610 2176
2625 2177
2640 2178
2655 2179
2670 2180
2685 2181
2700 2182
2715 2183
2730 2184
2745 2185
2760 2186
2775 2187
2790 2188
2805 2189
2820 2190
2835 2191
2850 2192
2865 2193
2880 2194
2895 2195
2910 2196
2925 2197
2940 2198
2955 2199
2970 2200
2985 2201
3000 2202
3015 2203
3030 2204
3045 2205
3060 2206
3075 2207
3090 2208
3105 2209
3120 2210
3135 2211
3150 2212
3165 2213
3180 2214
3195 2215
3210 2216
3225 2217
3240 2218
3255 2219
3270 2220
3285 2221
3300 2222
3315 2223
3330 2224
3345 2225
3360 2226
3375 2227
3390 2228
3405 2229
3420 2230
3435 2231
3450 2232
3465 2233
3480 2234
3495 2235
3510 2236
3525 2237
3540 2238
3555 2239
3570 2240
3585 2241
3600 2242
3615 2243
3630 2244
3645 2245
3660 2246
3675 2247
3690 2248
3705 2249
3720 2250
3735 2251
3750 2252
3765 2253
3780 2254
3795 2255
3810 2256
3825 2257
3840 2258
3855 2259
3870 2260
3885 2261
3900 2262
3915 2263
3930 2264
3945 2265
3960 2266
3975 2267
3990 2268
4005 2269
4020 2270
4035 2271
4050 2272
4065 2273
4080 2274
4095 2275
4110 2276
4125 2277
4140 2278
4155 2279
4170 2280
4185 2281
4200 2282
4215 2283
4230 2284
4245 2285
4260 2286
4275 2287
4290 2288
4305 2289
4320 2290
4335 2291
4350 2292
4365 2293
4380 2294
4395 2295
4410 2296
4425 2297
4440 2298
4455 2299
4470 2300
4485 2301
4500 2302
4515 2303
4530 2304
4545 2305
4560 2306
4575 2307
4590 2308
4605 2309
4620 2310
4635 2311
4650 2312
4665 2313
4680 2314
4695 2315
4710 2316
4725 2317
4740 2318
4755 2319
4770 2320
4785 2321
4800 2322
4815 2323
4830 2324
4845 2325
4860 2326
4875 2327
4890 2328
4905 2329
4920 2330
4935 2331
4950 2332
4965 2333
4980 2334
4995 2335
5010 2336
5025 2337
5040 2338
5055 2339
5070 2340
5085 2341
5100 2342
5115 2343
5130 2344
5145 2345
5160 2346
5175 2347
5190 2348
5205 2349
5220 2350
5235 2351
5250 2352
5265 2353
5280 2354
5295 2355
5310 2356
5325 2357
5340 2358
5355 2359
5370 2360
5385 2361
5400 2362
5415 2363
5430 2364
5445 2365
5460 2366
5475 2367
5490 2368
5505 2369
5520 2370
5535 2371
5550 2372
5565 2373
5580 2374
5595 2375
5610 2376
5625 2377
5640 2378
5655 2379
5670 2380
5685 2381
5700 2382
5715 2383
5730 2384
5745 2385
5760 2386
5775 2387
5790 2388
5805 2389
5820 2390
5835 2391
5850 2392
5865 2393
5880 2394
5895 2395
5910 2396
5925 2397
5940 2398
5955 2399
5970 2400
5985 2401
6000 2402
6015 2403
6030 2404
6045 2405
6060 2406
6075 2407
6090 2408
6105 2409
6120 2410
6135 2411
6150 2412
6165 2413
6180 2414
6195 2415
6210 2416
6225 2417
6240 2418
6255 2419
6270 2420
6285 2421
6300 2422
6315 2423
6330 2424
6345 2425
6360 2426
6375 2427
6390 2428
6405 2429
6420 2430
6435 2431
6450 2432
6465 2433
6480 2434
6495 2435
6510 2436
6525 2437
6540 2438
6555 2439
6570 2440
6585 2441
6600 2442
6615 2443
6630 2444
6645 2445
6660 2446
6675 2447
6690 2448
6705 2449
6720 2450
6735 2451
6750 2452
6765 2453
6780 2454
6795 2455
6810 2456
6825 2457
6840 2458
6855 2459
6870 2460
6885 2461
6900 2462
6915 2463
6930 2464
6945 2465
6960 2466
6975 2467
6990 2468
7005 2469
7020 2470
7035 2471
7050 2472
7065 2473
7080 2474
7095 2475
7110 2476
7125 2477
7140 2478
7155 2479
7170 2480
7185 2481
7200 2482
7215 2483
7230 2484
7245 2485
7260 2486
7275 2487
7290 2488
7305 2489
7320 2490
7335 2491
7350 2492
7365 2493
7380 2494
7395 2495
7410 2496
7425 2497
7440 2498
7455 2499
7470 2500
7485 2501
7500 2502
7515 2503
7530 2504
7545 2505
7560 2506
7575 2507
7590 2508
7605 2509
7620 2510
7635 2511
7650 2512
7665 2513
7680 2514
7695 2515
7710 2516
7725 2517
7740 2518
7755 2519
7770 2520
7785 2521
7800 2522
7815 2523
7830 2524
7845 2525
7860 2526
7875 2527
7890 2528
7905 2529
7920 2530
7935 2531
7950 2532
7965 2533
7980 2534
7995 2535
8010 2536
8025 2537
8040 2538
8055 2539
8070 2540
8085 2541
8100 2542
8115 2543
8130 2544
8145 2545
8160 2546
8175 2547
8190 2548
8205 2549
8220 2550
8235 2551
8250 2552
8265 2553
8280 2554
8295 2555
8310 2556
8325 2557
8340 2558
8355 2559
8370 2560
8385 2561
8400 2562
8415 2563
8430 2564
8445 2565
8460 2566
8475 2567
8490 2568
8505 2569
8520 2570
8535 2571
8550 2572
8565 2573
8580 2574
8595 2575
8610 2576
8625 2577
8640 2578
8655 2579
8670 2580
8685 2581
8700 2582
8715 2583
8730 2584
8745 2585
8760 2586
8775 2587
8790 2588
8805 2589
8820 2590
8835 2591
8850 2592
8865 2593
8880 2594
8895 2595
8910 2596
8925 2597
8940 2598
8955 2599
8970 2600
8985 2601
9000 2602
9015 2603
9030 2604
9045 2605
9060 2606
9075 2607
9090 2608
9105 2609
9120 2610
9135 2611
9150 2612
9165 2613
9180 2614
9195 2615
9210 2616
9225 2617
9240 2618
9255 2619
9270 2620
9285 2621
9300 2622
9315 2623
9330 2624
9345 2625
9360 2626
9375 2627
9390 2628
9405 2629
9420 2630
9435 2631
9450 2632
9465 2633
9480 2634
9495 2635
9510 2636
9525 2637
9540 2638
9555 2639
9570 2640
9585 2641
9600 2642
9615 2643
9630 2644
9645 2645
9660 2646
9675 2647
9690 2648
9705 2649
9720 2650
9735 2651
9750 2652
9765 2653
9780 2654
9795 2655
9810 2656
9825 2657
9840 2658
9855 2659
9870 2660
9885 2661
9900 2662
9915 2663
9930 2664
9945 2665
9960 2666
9975 2667
9990 2668
News data saved to news_data_3.json with 10005 articles
0 2669
15 2670
30 2671
45 2672
60 2673
75 2674
90 2675
105 2676
120 2677
135 2678
150 2679
165 2680
180 2681
195 2682
210 2683
225 2684
240 2685
255 2686
270 2687
285 2688
300 2689
315 2690
330 2691
345 2692
360 2693
375 2694
390 2695
405 2696
420 2697
435 2698
450 2699
465 2700
480 2701
495 2702
510 2703
525 2704
540 2705
555 2706
570 2707
585 2708
600 2709
615 2710
630 2711
645 2712
660 2713
675 2714
690 2715
705 2716
720 2717
735 2718
750 2719
765 2720
780 2721
795 2722
810 2723
825 2724
840 2725
855 2726
870 2727
885 2728
900 2729
915 2730
930 2731
945 2732
960 2733
975 2734
990 2735
1005 2736
1020 2737
1035 2738
1050 2739
1065 2740
1080 2741
1095 2742
1110 2743
1125 2744
1140 2745
1155 2746
1170 2747
1185 2748
1200 2749
1215 2750
1230 2751
1245 2752
1260 2753
1275 2754
1290 2755
1305 2756
1320 2757
1335 2758
1350 2759
1365 2760
1380 2761
1395 2762
1410 2763
1425 2764
1440 2765
1455 2766
1470 2767
1485 2768
1500 2769
1515 2770
1530 2771
1545 2772
1560 2773
1575 2774
1590 2775
1605 2776
1620 2777
1635 2778
1650 2779
1665 2780
1680 2781
1695 2782
1710 2783
1725 2784
1740 2785
1755 2786
1770 2787
1785 2788
1800 2789
1815 2790
1830 2791
1845 2792
1860 2793
1875 2794
1890 2795
1905 2796
1920 2797
1935 2798
1950 2799
1965 2800
1980 2801
1995 2802
2010 2803
2025 2804
2040 2805
2055 2806
2070 2807
2085 2808
2100 2809
2115 2810
2130 2811
2145 2812
2160 2813
2175 2814
2190 2815
2205 2816
2220 2817
2235 2818
2250 2819
2265 2820
2280 2821
2295 2822
2310 2823
2325 2824
2340 2825
2355 2826
2370 2827
2385 2828
2400 2829
2415 2830
2430 2831
2445 2832
2460 2833
2475 2834
2490 2835
2505 2836
2520 2837
2535 2838
2550 2839
2565 2840
2580 2841
2595 2842
2610 2843
2625 2844
2640 2845
2655 2846
2670 2847
2685 2848
2700 2849
2715 2850
2730 2851
2745 2852
2760 2853
2775 2854
2790 2855
2805 2856
2820 2857
2835 2858
2850 2859
2865 2860
2880 2861
2895 2862
2910 2863
2925 2864
2940 2865
2955 2866
2970 2867
2985 2868
3000 2869
3015 2870
3030 2871
3045 2872
3060 2873
3075 2874
3090 2875
3105 2876
3120 2877
3135 2878
3150 2879
3165 2880
3180 2881
3195 2882
3210 2883
3225 2884
3240 2885
3255 2886
3270 2887
3285 2888
3300 2889
3315 2890
3330 2891
3345 2892
3360 2893
3375 2894
3390 2895
3405 2896
3420 2897
3435 2898
3450 2899
3465 2900
3480 2901
3495 2902
3510 2903
3525 2904
3540 2905
3555 2906
3570 2907
3585 2908
3600 2909
3615 2910
3630 2911
3645 2912
3660 2913
3675 2914
3690 2915
3705 2916
3720 2917
3735 2918
3750 2919
3765 2920
3780 2921
3795 2922
3810 2923
3825 2924
3840 2925
3855 2926
3870 2927
3885 2928
3900 2929
3915 2930
3930 2931
3945 2932
3960 2933
3975 2934
3990 2935
4005 2936
4020 2937
4035 2938
4050 2939
4065 2940
4080 2941
4095 2942
4110 2943
4125 2944
4140 2945
4155 2946
4170 2947
4185 2948
4200 2949
4215 2950
4230 2951
4245 2952
4260 2953
4275 2954
4290 2955
4305 2956
4320 2957
4335 2958
4350 2959
4365 2960
4380 2961
4395 2962
4410 2963
4425 2964
4440 2965
4455 2966
4470 2967
4485 2968
4500 2969
4515 2970
4530 2971
4545 2972
4560 2973
4575 2974
4590 2975
4605 2976
4620 2977
4635 2978
4650 2979
4665 2980
4680 2981
4695 2982
4710 2983
4725 2984
4740 2985
4755 2986
4770 2987
4785 2988
4800 2989
4815 2990
4830 2991
4845 2992
4860 2993
4875 2994
4890 2995
4905 2996
4920 2997
4935 2998
4950 2999
4965 3000
4980 3001
4995 3002
5010 3003
5025 3004
5040 3005
5055 3006
5070 3007
5085 3008
5100 3009
5115 3010
5130 3011
5145 3012
5160 3013
5175 3014
5190 3015
5205 3016
5220 3017
5235 3018
5250 3019
5265 3020
5280 3021
5295 3022
5310 3023
5325 3024
5340 3025
5355 3026
5370 3027
5385 3028
5400 3029
5415 3030
5430 3031
5445 3032
5460 3033
5475 3034
5490 3035
5505 3036
5520 3037
5535 3038
5550 3039
5565 3040
5580 3041
5595 3042
5610 3043
5625 3044
5640 3045
5655 3046
5670 3047
5685 3048
5700 3049
5715 3050
5730 3051
5745 3052
5760 3053
5775 3054
5790 3055
5805 3056
5820 3057
5835 3058
5850 3059
5865 3060
5880 3061
5895 3062
5910 3063
5925 3064
5940 3065
5955 3066
5970 3067
5985 3068
6000 3069
6015 3070
6030 3071
6045 3072
6060 3073
6075 3074
6090 3075
6105 3076
6120 3077
6135 3078
6150 3079
6165 3080
6180 3081
6195 3082
6210 3083
6225 3084
6240 3085
6255 3086
6270 3087
6285 3088
6300 3089
6315 3090
6330 3091
6345 3092
6360 3093
6375 3094
6390 3095
6405 3096
6420 3097
6435 3098
6450 3099
6465 3100
6480 3101
6495 3102
6510 3103
6525 3104
6540 3105
6555 3106
6570 3107
6585 3108
6600 3109
6615 3110
6630 3111
6645 3112
6660 3113
6675 3114
6690 3115
6705 3116
6720 3117
6735 3118
6750 3119
6765 3120
6780 3121
6795 3122
6810 3123
6825 3124
6840 3125
6855 3126
6870 3127
6885 3128
6900 3129
6915 3130
6930 3131
6945 3132
6960 3133
6975 3134
6990 3135
7005 3136
7020 3137
7035 3138
7050 3139
7065 3140
7080 3141
7095 3142
7110 3143
7125 3144
7140 3145
7155 3146
7170 3147
7185 3148
7200 3149
7215 3150
7230 3151
7245 3152
7260 3153
7275 3154
7290 3155
7305 3156
7320 3157
7335 3158
7350 3159
7365 3160
7380 3161
7395 3162
7410 3163
7425 3164
7440 3165
7455 3166
7470 3167
7485 3168
7500 3169
7515 3170
7530 3171
7545 3172
7560 3173
7575 3174
7590 3175
7605 3176
7620 3177
7635 3178
7650 3179
7665 3180
7680 3181
7695 3182
7710 3183
7725 3184
7740 3185
7755 3186
7770 3187
7785 3188
7800 3189
7815 3190
7830 3191
7845 3192
7860 3193
7875 3194
7890 3195
7905 3196
7920 3197
7935 3198
7950 3199
7965 3200
7980 3201
7995 3202
8010 3203
8025 3204
8040 3205
8055 3206
8070 3207
8085 3208
8100 3209
8115 3210
8130 3211
8145 3212
8160 3213
8175 3214
8190 3215
8205 3216
8220 3217
8235 3218
8250 3219
8265 3220
8280 3221
8295 3222
8310 3223
8325 3224
8340 3225
8355 3226
8370 3227
8385 3228
8400 3229
8415 3230
8430 3231
8445 3232
8460 3233
8475 3234
8490 3235
8505 3236
8520 3237
8535 3238
8550 3239
8565 3240
8580 3241
8595 3242
8610 3243
8625 3244
8640 3245
8655 3246
8670 3247
8685 3248
8700 3249
8715 3250
8730 3251
8745 3252
8760 3253
8775 3254
8790 3255
8805 3256
8820 3257
8835 3258
8850 3259
8865 3260
8880 3261
8895 3262
8910 3263
8925 3264
8940 3265
8955 3266
8970 3267
8985 3268
9000 3269
9015 3270
9030 3271
9045 3272
9060 3273
9075 3274
9090 3275
9105 3276
9120 3277
9135 3278
9150 3279
9165 3280
9180 3281
9195 3282
9210 3283
9225 3284
9240 3285
9255 3286
9270 3287
9285 3288
9300 3289
9315 3290
9330 3291
9345 3292
9360 3293
9375 3294
9390 3295
9405 3296
9420 3297
9435 3298
9450 3299
9465 3300
9480 3301
9495 3302
9510 3303
9525 3304
9540 3305
9555 3306
9570 3307
9585 3308
9600 3309
9615 3310
9630 3311
9645 3312
9660 3313
9675 3314
9690 3315
9705 3316
9720 3317
9735 3318
9750 3319
9765 3320
9780 3321
9795 3322
9810 3323
9825 3324
9840 3325
9855 3326
9870 3327
9885 3328
9900 3329
9915 3330
9930 3331
9945 3332
9960 3333
9975 3334
9990 3335
News data saved to news_data_4.json with 10005 articles
0 3336
15 3337
30 3338
45 3339
60 3340
75 3341
90 3342
105 3343
120 3344
135 3345
150 3346
165 3347
180 3348
195 3349
210 3350
225 3351
240 3352
255 3353
270 3354
285 3355
300 3356
315 3357
330 3358
345 3359
360 3360
375 3361
390 3362
405 3363
420 3364
435 3365
450 3366
465 3367
480 3368
495 3369
510 3370
525 3371
540 3372
555 3373
570 3374
585 3375
600 3376
615 3377
630 3378
645 3379
660 3380
675 3381
690 3382
705 3383
720 3384
735 3385
750 3386
765 3387
780 3388
795 3389
810 3390
825 3391
840 3392
855 3393
870 3394
885 3395
900 3396
915 3397
930 3398
945 3399
960 3400
975 3401
990 3402
1005 3403
1020 3404
1035 3405
1050 3406
1065 3407
1080 3408
1095 3409
1110 3410
1125 3411
1140 3412
1155 3413
1170 3414
1185 3415
1200 3416
1215 3417
1230 3418
1245 3419
1260 3420
1275 3421
1290 3422
1305 3423
1320 3424
1335 3425
1350 3426
1365 3427
1380 3428
1395 3429
1410 3430
1425 3431
1440 3432
1455 3433
1470 3434
1485 3435
1500 3436
1515 3437
1530 3438
1545 3439
1560 3440
1575 3441
1590 3442
1605 3443
1620 3444
1635 3445
1650 3446
1665 3447
1680 3448
1695 3449
1710 3450
1725 3451
1740 3452
1755 3453
1770 3454
1785 3455
1800 3456
1815 3457
1830 3458
1845 3459
1860 3460
1875 3461
1890 3462
1905 3463
1920 3464
1935 3465
1950 3466
1965 3467
1980 3468
1995 3469
2010 3470
2025 3471
2040 3472
2055 3473
2070 3474
2085 3475
2100 3476
2115 3477
2130 3478
2145 3479
2160 3480
2175 3481
2190 3482
2205 3483
2220 3484
2235 3485
2250 3486
2265 3487
2280 3488
2295 3489
2310 3490
2325 3491
2340 3492
2355 3493
2370 3494
2385 3495
2400 3496
2415 3497
2430 3498
2445 3499
2460 3500
2475 3501
2490 3502
2505 3503
2520 3504
2535 3505
2550 3506
2565 3507
2580 3508
2595 3509
2610 3510
2625 3511
2640 3512
2655 3513
2670 3514
2685 3515
2700 3516
2715 3517
2730 3518
2745 3519
2760 3520
2775 3521
2790 3522
2805 3523
2820 3524
2835 3525
2850 3526
2865 3527
2880 3528
2895 3529
2910 3530
2925 3531
2940 3532
2955 3533
2970 3534
2985 3535
3000 3536
3015 3537
3030 3538
3045 3539
3060 3540
3075 3541
3090 3542
3105 3543
3120 3544
3135 3545
3150 3546
3165 3547
3180 3548
3195 3549
3210 3550
3225 3551
3240 3552
3255 3553
3270 3554
3285 3555
3300 3556
3315 3557
3330 3558
3345 3559
3360 3560
3375 3561
3390 3562
3405 3563
3420 3564
3435 3565
3450 3566
3465 3567
3480 3568
3495 3569
3510 3570
3525 3571
3540 3572
3555 3573
3570 3574
3585 3575
3600 3576
3615 3577
3630 3578
3645 3579
3660 3580
3675 3581
3690 3582
3705 3583
3720 3584
3735 3585
3750 3586
3765 3587
3780 3588
3795 3589
3810 3590
3825 3591
3840 3592
3855 3593
3870 3594
3885 3595
3900 3596
3915 3597
3930 3598
3945 3599
3960 3600
3975 3601
3990 3602
4005 3603
4020 3604
4035 3605
4050 3606
4065 3607
4080 3608
4095 3609
4110 3610
4125 3611
4140 3612
4155 3613
4170 3614
4185 3615
4200 3616
4215 3617
4230 3618
4245 3619
4260 3620
4275 3621
4290 3622
4305 3623
4320 3624
4335 3625
4350 3626
4365 3627
4380 3628
4395 3629
4410 3630
4425 3631
4440 3632
4455 3633
4470 3634
4485 3635
4500 3636
4515 3637
4530 3638
4545 3639
4560 3640
4575 3641
4590 3642
4605 3643
4620 3644
4635 3645
4650 3646
4665 3647
4680 3648
4695 3649
4710 3650
4725 3651
4740 3652
4755 3653
4770 3654
4785 3655
4800 3656
4815 3657
4830 3658
4845 3659
4860 3660
4875 3661
4890 3662
4905 3663
4920 3664
4935 3665
4950 3666
4965 3667
4980 3668
4995 3669
5010 3670
5025 3671
5040 3672
5055 3673
5070 3674
5085 3675
5100 3676
5115 3677
5130 3678
5145 3679
5160 3680
5175 3681
5190 3682
5205 3683
5220 3684
5235 3685
5250 3686
5265 3687
5280 3688
5295 3689
5310 3690
5325 3691
5340 3692
5355 3693
5370 3694
5385 3695
5400 3696
5415 3697
5430 3698
5445 3699
5460 3700
5475 3701
5490 3702
5505 3703
5520 3704
5535 3705
5550 3706
5565 3707
5580 3708
5595 3709
5610 3710
5625 3711
5640 3712
5655 3713
5670 3714
5685 3715
5700 3716
5715 3717
5730 3718
5745 3719
5760 3720
5775 3721
5790 3722
5805 3723
5820 3724
5835 3725
5850 3726
5865 3727
5880 3728
5895 3729
5910 3730
5925 3731
5940 3732
5955 3733
5970 3734
5985 3735
6000 3736
6015 3737
6030 3738
6045 3739
6060 3740
6075 3741
6090 3742
6105 3743
6120 3744
6135 3745
6150 3746
6165 3747
6180 3748
6195 3749
6210 3750
6225 3751
6240 3752
6255 3753
6270 3754
6285 3755
6300 3756
6315 3757
6330 3758
6345 3759
6360 3760
6375 3761
6390 3762
6405 3763
6420 3764
6435 3765
6450 3766
6465 3767
6480 3768
6495 3769
6510 3770
6525 3771
6540 3772
6555 3773
6570 3774
6585 3775
6600 3776
6615 3777
6630 3778
6645 3779
6660 3780
6675 3781
6690 3782
6705 3783
6720 3784
6735 3785
6750 3786
6765 3787
6780 3788
6795 3789
6810 3790
6825 3791
6840 3792
6855 3793
6870 3794
6885 3795
6900 3796
6915 3797
6930 3798
6945 3799
6960 3800
6975 3801
6990 3802
7005 3803
7020 3804
7035 3805
7050 3806
7065 3807
7080 3808
7095 3809
7110 3810
7125 3811
7140 3812
7155 3813
7170 3814
7185 3815
7200 3816
7215 3817
7230 3818
7245 3819
7260 3820
7275 3821
7290 3822
7305 3823
7320 3824
7335 3825
7350 3826
7365 3827
7380 3828
7395 3829
7410 3830
7425 3831
7440 3832
7455 3833
7470 3834
7485 3835
7500 3836
7515 3837
7530 3838
7545 3839
7560 3840
7575 3841
7590 3842
7605 3843
7620 3844
7635 3845
7650 3846
7665 3847
7680 3848
7695 3849
7710 3850
7725 3851
7740 3852
7755 3853
7770 3854
7785 3855
7800 3856
7815 3857
7830 3858
7845 3859
7860 3860
7875 3861
7890 3862
7905 3863
7920 3864
7935 3865
7950 3866
7965 3867
7980 3868
7995 3869
8010 3870
8025 3871
8040 3872
8055 3873
8070 3874
8085 3875
8100 3876
8115 3877
8130 3878
8145 3879
8160 3880
8175 3881
8190 3882
8205 3883
8220 3884
8235 3885
8250 3886
8265 3887
8280 3888
8295 3889
8310 3890
8325 3891
8340 3892
8355 3893
8370 3894
8385 3895
8400 3896
8415 3897
8430 3898
8445 3899
8460 3900
8475 3901
8490 3902
8505 3903
8520 3904
8535 3905
8550 3906
8565 3907
8580 3908
8595 3909
8610 3910
8625 3911
8640 3912
8655 3913
8670 3914
8685 3915
8700 3916
8715 3917
8730 3918
8745 3919
8760 3920
8775 3921
8790 3922
8805 3923
8820 3924
8835 3925
8850 3926
8865 3927
8880 3928
8895 3929
8910 3930
8925 3931
8940 3932
8955 3933
8970 3934
8985 3935
9000 3936
9015 3937
9030 3938
9045 3939
9060 3940
9075 3941
9090 3942
9105 3943
9120 3944
9135 3945
9150 3946
9165 3947
9180 3948
9195 3949
9210 3950
9225 3951
9240 3952
9255 3953
9270 3954
9285 3955
9300 3956
9315 3957
9330 3958
9345 3959
9360 3960
9375 3961
9390 3962
9405 3963
9420 3964
9435 3965
9450 3966
9465 3967
9480 3968
9495 3969
9510 3970
9525 3971
9540 3972
9555 3973
9570 3974
9585 3975
9600 3976
9615 3977
9630 3978
9645 3979
9660 3980
9675 3981
9690 3982
9705 3983
9720 3984
9735 3985
9750 3986
9765 3987
9780 3988
9795 3989
9810 3990
9825 3991
9840 3992
9855 3993
9870 3994
9885 3995
9900 3996
9915 3997
9930 3998
9945 3999
9960 4000
9975 4001
9990 4002
News data saved to news_data_5.json with 10005 articles
0 4003
15 4004
30 4005
45 4006
60 4007
75 4008
90 4009
105 4010
120 4011
135 4012
150 4013
165 4014
180 4015
195 4016
210 4017
225 4018
240 4019
255 4020
270 4021
285 4022
300 4023
315 4024
330 4025
345 4026
360 4027
375 4028
390 4029
405 4030
420 4031
435 4032
450 4033
465 4034
480 4035
495 4036
510 4037
525 4038
540 4039
555 4040
570 4041
585 4042
600 4043
615 4044
630 4045
645 4046
660 4047
675 4048
690 4049
705 4050
720 4051
735 4052
750 4053
765 4054
780 4055
795 4056
810 4057
825 4058
840 4059
855 4060
870 4061
885 4062
900 4063
915 4064
930 4065
945 4066
960 4067
975 4068
990 4069
1005 4070
1020 4071
1035 4072
1050 4073
1065 4074
1080 4075
1095 4076
1110 4077
1125 4078
1140 4079
1155 4080
1170 4081
1185 4082
1200 4083
1215 4084
1230 4085
1245 4086
1260 4087
1275 4088
1290 4089
1305 4090
1320 4091
1335 4092
1350 4093
1365 4094
1380 4095
1395 4096
1410 4097
1425 4098
1440 4099
1455 4100
1470 4101
1485 4102
1500 4103
1515 4104
1530 4105
1545 4106
1560 4107
1575 4108
1590 4109
1605 4110
1620 4111
1635 4112
1650 4113
1665 4114
1680 4115
1695 4116
1710 4117
1725 4118
1740 4119
1755 4120
1770 4121
1785 4122
1800 4123
1815 4124
1830 4125
1845 4126
1860 4127
1875 4128
1890 4129
1905 4130
1920 4131
1935 4132
1950 4133
1965 4134
1980 4135
1995 4136
2010 4137
2025 4138
2040 4139
2055 4140
2070 4141
2085 4142
2100 4143
2115 4144
2130 4145
2145 4146
2160 4147
2175 4148
2190 4149
2205 4150
2220 4151
2235 4152
2250 4153
2265 4154
2280 4155
2295 4156
2310 4157
2325 4158
2340 4159
2355 4160
2370 4161
2385 4162
2400 4163
2415 4164
2430 4165
2445 4166
2460 4167
2475 4168
2490 4169
2505 4170
2520 4171
2535 4172
2550 4173
2565 4174
2580 4175
2595 4176
2610 4177
2625 4178
2640 4179
2655 4180
2670 4181
2685 4182
2700 4183
2715 4184
2730 4185
2745 4186
2760 4187
2775 4188
2790 4189
2805 4190
2820 4191
2835 4192
2850 4193
2865 4194
2880 4195
2895 4196
2910 4197
2925 4198
2940 4199
2955 4200
2970 4201
2985 4202
3000 4203
3015 4204
3030 4205
3045 4206
3060 4207
3075 4208
3090 4209
3105 4210
3120 4211
3135 4212
3150 4213
3165 4214
3180 4215
3195 4216
3210 4217
3225 4218
3240 4219
3255 4220
3270 4221
3285 4222
3300 4223
3315 4224
3330 4225
3345 4226
3360 4227
3375 4228
3390 4229
3405 4230
3420 4231
3435 4232
3450 4233
3465 4234
3480 4235
3495 4236
3510 4237
3525 4238
3540 4239
3555 4240
3570 4241
3585 4242
3600 4243
3615 4244
3630 4245
3645 4246
3660 4247
3675 4248
3690 4249
3705 4250
3720 4251
3735 4252
3750 4253
3765 4254
3780 4255
3795 4256
3810 4257
3825 4258
3840 4259
3855 4260
3870 4261
3885 4262
3900 4263
3915 4264
3930 4265
3945 4266
3960 4267
3975 4268
3990 4269
4005 4270
4020 4271
4035 4272
4050 4273
4065 4274
4080 4275
4095 4276
4110 4277
4125 4278
4140 4279
4155 4280
4170 4281
4185 4282
4200 4283
4215 4284
4230 4285
4245 4286
4260 4287
4275 4288
4290 4289
4305 4290
4320 4291
4335 4292
4350 4293
4365 4294
4380 4295
4395 4296
4410 4297
4425 4298
4440 4299
4455 4300
4470 4301
4485 4302
4500 4303
4515 4304
4530 4305
4545 4306
4560 4307
4575 4308
4590 4309
4605 4310
4620 4311
4635 4312
4650 4313
4665 4314
4680 4315
4695 4316
4710 4317
4725 4318
4740 4319
4755 4320
4770 4321
4785 4322
4800 4323
4815 4324
4830 4325
4845 4326
4860 4327
4875 4328
4890 4329
4905 4330
4920 4331
4935 4332
4950 4333
4965 4334
4980 4335
4995 4336
5010 4337
5025 4338
5040 4339
5055 4340
5070 4341
5085 4342
5100 4343
5115 4344
5130 4345
5145 4346
5160 4347
5175 4348
5190 4349
5205 4350
5220 4351
5235 4352
5250 4353
5265 4354
5280 4355
5295 4356
5310 4357
5325 4358
5340 4359
5355 4360
5370 4361
5385 4362
5400 4363
5415 4364
5430 4365
5445 4366
5460 4367
5475 4368
5490 4369
5505 4370
5520 4371
5535 4372
5550 4373
5565 4374
5580 4375
5595 4376
5610 4377
5625 4378
5640 4379
5655 4380
5670 4381
5685 4382
5700 4383
5715 4384
5730 4385
5745 4386
5760 4387
5775 4388
5790 4389
5805 4390
5820 4391
5835 4392
5850 4393
5865 4394
5880 4395
5895 4396
5910 4397
5925 4398
5940 4399
5955 4400
5970 4401
5985 4402
6000 4403
6015 4404
6030 4405
6045 4406
6060 4407
6075 4408
6090 4409
6105 4410
6120 4411
6135 4412
6150 4413
6165 4414
6180 4415
6195 4416
6210 4417
6225 4418
6240 4419
6255 4420
6270 4421
6285 4422
6300 4423
6315 4424
6330 4425
6345 4426
6360 4427
6375 4428
6390 4429
6405 4430
6420 4431
6435 4432
6450 4433
6465 4434
6480 4435
6495 4436
6510 4437
6525 4438
6540 4439
6555 4440
6570 4441
6585 4442
6600 4443
6615 4444
6630 4445
6645 4446
6660 4447
6675 4448
6690 4449
6705 4450
6720 4451
6735 4452
6750 4453
6765 4454
6780 4455
6795 4456
6810 4457
6825 4458
6840 4459
6855 4460
6870 4461
6885 4462
6900 4463
6915 4464
6930 4465
6945 4466
6960 4467
6975 4468
6990 4469
7005 4470
7020 4471
7035 4472
7050 4473
7065 4474
7080 4475
7095 4476
7110 4477
7125 4478
7140 4479
7155 4480
7170 4481
7185 4482
7200 4483
7215 4484
7230 4485
7245 4486
7260 4487
7275 4488
7290 4489
7305 4490
7320 4491
7335 4492
7350 4493
7365 4494
7380 4495
7395 4496
7410 4497
7425 4498
7440 4499
7455 4500
7470 4501
7485 4502
7500 4503
7515 4504
7530 4505
7545 4506
7560 4507
7575 4508
7590 4509
7605 4510
7620 4511
7635 4512
7650 4513
7665 4514
7680 4515
7695 4516
7710 4517
7725 4518
7740 4519
7755 4520
7770 4521
7785 4522
7800 4523
7815 4524
7830 4525
7845 4526
7860 4527
7875 4528
7890 4529
7905 4530
7920 4531
7935 4532
7950 4533
7965 4534
7980 4535
7995 4536
8010 4537
8025 4538
8040 4539
8055 4540
8070 4541
8085 4542
8100 4543
8115 4544
8130 4545
8145 4546
8160 4547
8175 4548
8190 4549
8205 4550
8220 4551
8235 4552
8250 4553
8265 4554
8280 4555
8295 4556
8310 4557
8325 4558
8340 4559
8355 4560
8370 4561
8385 4562
8400 4563
8415 4564
8430 4565
8445 4566
8460 4567
8475 4568
8490 4569
8505 4570
8520 4571
8535 4572
8550 4573
8565 4574
8580 4575
8595 4576
8610 4577
8625 4578
8640 4579
8655 4580
8670 4581
8685 4582
8700 4583
8715 4584
8730 4585
8745 4586
8760 4587
8775 4588
8790 4589
8805 4590
8820 4591
8835 4592
8850 4593
8865 4594
8880 4595
8895 4596
8910 4597
8925 4598
8940 4599
8955 4600
8970 4601
8985 4602
9000 4603
9015 4604
9030 4605
9045 4606
9060 4607
9075 4608
9090 4609
9105 4610
9120 4611
9135 4612
9150 4613
9165 4614
9180 4615
9195 4616
9210 4617
9225 4618
9240 4619
9255 4620
9270 4621
9285 4622
9300 4623
9315 4624
9330 4625
9345 4626
9360 4627
9375 4628
9390 4629
9405 4630
9420 4631
9435 4632
9450 4633
9465 4634
9480 4635
9495 4636
9510 4637
9525 4638
9540 4639
9555 4640
9570 4641
9585 4642
9600 4643
9615 4644
9630 4645
9645 4646
9660 4647
9675 4648
9690 4649
9705 4650
9720 4651
9735 4652
9750 4653
9765 4654
9780 4655
9795 4656
9810 4657
9825 4658
9840 4659
9855 4660
9870 4661
9885 4662
9900 4663
9915 4664
9930 4665
9945 4666
9960 4667
9975 4668
9990 4669
News data saved to news_data_6.json with 10005 articles
0 4670
15 4671
30 4672
45 4673
60 4674
75 4675
90 4676
105 4677
120 4678
135 4679
150 4680
165 4681
180 4682
195 4683
210 4684
225 4685
240 4686
255 4687
270 4688
285 4689
300 4690
315 4691
330 4692
345 4693
360 4694
375 4695
390 4696
405 4697
420 4698
435 4699
450 4700
465 4701
480 4702
495 4703
510 4704
525 4705
540 4706
555 4707
570 4708
585 4709
600 4710
615 4711
630 4712
645 4713
660 4714
675 4715
690 4716
705 4717
720 4718
735 4719
750 4720
765 4721
780 4722
795 4723
810 4724
825 4725
840 4726
855 4727
870 4728
885 4729
900 4730
915 4731
930 4732
945 4733
960 4734
975 4735
990 4736
1005 4737
1020 4738
1035 4739
1050 4740
1065 4741
1080 4742
1095 4743
1110 4744
1125 4745
1140 4746
1155 4747
1170 4748
1185 4749
1200 4750
1215 4751
1230 4752
1245 4753
1260 4754
1275 4755
1290 4756
1305 4757
1320 4758
1335 4759
1350 4760
1365 4761
1380 4762
1395 4763
1410 4764
1425 4765
1440 4766
1455 4767
1470 4768
1485 4769
1500 4770
1515 4771
1530 4772
1545 4773
1560 4774
1575 4775
1590 4776
1605 4777
1620 4778
1635 4779
1650 4780
1665 4781
1680 4782
1695 4783
1710 4784
1725 4785
1740 4786
1755 4787
1770 4788
1785 4789
1800 4790
1815 4791
1830 4792
1845 4793
1860 4794
1875 4795
1890 4796
1905 4797
1920 4798
1935 4799
1950 4800
1965 4801
1980 4802
1995 4803
2010 4804
2025 4805
2040 4806
2055 4807
2070 4808
2085 4809
2100 4810
2115 4811
2130 4812
2145 4813
2160 4814
2175 4815
2190 4816
2205 4817
2220 4818
2235 4819
2250 4820
2265 4821
2280 4822
2295 4823
2310 4824
2325 4825
2340 4826
2355 4827
2370 4828
2385 4829
2400 4830
2415 4831
2430 4832
2445 4833
2460 4834
2475 4835
2490 4836
2505 4837
2520 4838
2535 4839
2550 4840
2565 4841
2580 4842
2595 4843
2610 4844
2625 4845
2640 4846
2655 4847
2670 4848
2685 4849
2700 4850
2715 4851
2730 4852
2745 4853
2760 4854
2775 4855
2790 4856
2805 4857
2820 4858
2835 4859
2850 4860
2865 4861
2880 4862
2895 4863
2910 4864
2925 4865
2940 4866
2955 4867
2970 4868
2985 4869
3000 4870
3015 4871
3030 4872
3045 4873
3060 4874
3075 4875
3090 4876
3105 4877
3120 4878
3135 4879
3150 4880
3165 4881
3180 4882
3195 4883
3210 4884
3225 4885
3240 4886
3255 4887
3270 4888
3285 4889
3300 4890
3315 4891
3330 4892
3345 4893
3360 4894
3375 4895
3390 4896
3405 4897
3420 4898
3435 4899
3450 4900
3465 4901
3480 4902
3495 4903
3510 4904
3525 4905
3540 4906
3555 4907
3570 4908
3585 4909
3600 4910
3615 4911
3630 4912
3645 4913
3660 4914
3675 4915
3690 4916
3705 4917
3720 4918
3735 4919
3750 4920
3765 4921
3780 4922
3795 4923
3810 4924
3825 4925
3840 4926
3855 4927
3870 4928
3885 4929
3900 4930
3915 4931
3930 4932
3945 4933
3960 4934
3975 4935
3990 4936
4005 4937
4020 4938
4035 4939
4050 4940
4065 4941
4080 4942
4095 4943
4110 4944
4125 4945
4140 4946
4155 4947
4170 4948
4185 4949
4200 4950
4215 4951
4230 4952
4245 4953
4260 4954
4275 4955
4290 4956
4305 4957
4320 4958
4335 4959
4350 4960
4365 4961
4380 4962
4395 4963
4410 4964
4425 4965
4440 4966
4455 4967
4470 4968
4485 4969
4500 4970
4515 4971
4530 4972
4545 4973
4560 4974
4575 4975
4590 4976
4605 4977
4620 4978
4635 4979
4650 4980
4665 4981
4680 4982
4695 4983
4710 4984
4725 4985
4740 4986
4755 4987
4770 4988
4785 4989
4800 4990
4815 4991
4830 4992
4845 4993
4860 4994
4875 4995
4890 4996
4905 4997
4920 4998
4935 4999
4950 5000
4965 5001
4980 5002
4995 5003
5010 5004
5025 5005
5040 5006
5055 5007
5070 5008
5085 5009
5100 5010
5115 5011
5130 5012
5145 5013
5160 5014
5175 5015
5190 5016
5205 5017
5220 5018
5235 5019
5250 5020
5265 5021
5280 5022
5295 5023
5310 5024
5325 5025
5340 5026
5355 5027
5370 5028
5385 5029
5400 5030
5415 5031
5430 5032
5445 5033
5460 5034
5475 5035
5490 5036
5505 5037
5520 5038
5535 5039
5550 5040
5565 5041
5580 5042
5595 5043
5610 5044
5625 5045
5640 5046
5655 5047
5670 5048
5685 5049
5700 5050
5715 5051
5730 5052
5745 5053
5760 5054
5775 5055
5790 5056
5805 5057
5820 5058
5835 5059
5850 5060
5865 5061
5880 5062
5895 5063
5910 5064
5925 5065
5940 5066
5955 5067
5970 5068
5985 5069
6000 5070
6015 5071
6030 5072
6045 5073
6060 5074
6075 5075
6090 5076
6105 5077
6120 5078
6135 5079
6150 5080
6165 5081
6180 5082
6195 5083
6210 5084
6225 5085
6240 5086
6255 5087
6270 5088
6285 5089
6300 5090
6315 5091
6330 5092
6345 5093
6360 5094
6375 5095
6390 5096
6405 5097
6420 5098
6435 5099
6450 5100
6465 5101
6480 5102
6495 5103
6510 5104
6525 5105
6540 5106
6555 5107
6570 5108
6585 5109
6600 5110
6615 5111
6630 5112
6645 5113
6660 5114
6675 5115
6690 5116
6705 5117
6720 5118
6735 5119
6750 5120
6765 5121
6780 5122
6795 5123
6810 5124
6825 5125
6840 5126
6855 5127
6870 5128
6885 5129
6900 5130
6915 5131
6930 5132
6945 5133
6960 5134
6975 5135
6990 5136
7005 5137
7020 5138
7035 5139
7050 5140
7065 5141
7080 5142
7095 5143
7110 5144
7125 5145
7140 5146
7155 5147
7170 5148
7185 5149
7200 5150
7215 5151
7230 5152
7245 5153
7260 5154
7275 5155
7290 5156
7305 5157
7320 5158
7335 5159
7350 5160
7365 5161
7380 5162
7395 5163
7410 5164
7425 5165
7440 5166
7455 5167
7470 5168
7485 5169
7500 5170
7515 5171
7530 5172
7545 5173
7560 5174
7575 5175
7590 5176
7605 5177
7620 5178
7635 5179
7650 5180
7665 5181
7680 5182
7695 5183
7710 5184
7725 5185
7740 5186
7755 5187
7770 5188
7785 5189
7800 5190
7815 5191
7830 5192
7845 5193
7860 5194
7875 5195
7890 5196
7905 5197
7920 5198
7935 5199
7950 5200
7965 5201
7980 5202
7995 5203
8010 5204
8025 5205
8040 5206
8055 5207
8070 5208
8085 5209
8100 5210
8115 5211
8130 5212
8145 5213
8160 5214
8175 5215
8190 5216
8205 5217
8220 5218
8235 5219
8250 5220
8265 5221
8280 5222
8295 5223
8310 5224
8325 5225
8340 5226
8355 5227
8370 5228
8385 5229
8400 5230
8415 5231
8430 5232
8445 5233
8460 5234
8475 5235
8490 5236
8505 5237
8520 5238
8535 5239
8550 5240
8565 5241
8580 5242
8595 5243
8610 5244
8625 5245
8640 5246
8655 5247
8670 5248
8685 5249
8700 5250
8715 5251
8730 5252
8745 5253
8760 5254
8775 5255
8790 5256
8805 5257
8820 5258
8835 5259
8850 5260
8865 5261
8880 5262
8895 5263
8910 5264
8925 5265
8940 5266
8955 5267
8970 5268
8985 5269
9000 5270
9015 5271
9030 5272
9045 5273
9060 5274
9075 5275
9090 5276
9105 5277
9120 5278
9135 5279
9150 5280
9165 5281
9180 5282
9195 5283
9210 5284
9225 5285
9240 5286
9255 5287
9270 5288
9285 5289
9300 5290
9315 5291
9330 5292
9345 5293
9360 5294
9375 5295
9390 5296
9405 5297
9420 5298
9435 5299
9450 5300
9465 5301
9480 5302
9495 5303
9510 5304
9525 5305
9540 5306
9555 5307
9570 5308
9585 5309
9600 5310
9615 5311
9630 5312
9645 5313
9660 5314
9675 5315
9690 5316
9705 5317
9720 5318
9735 5319
9750 5320
9765 5321
9780 5322
9795 5323
9810 5324
9825 5325
9840 5326
9855 5327
9870 5328
9885 5329
9900 5330
9915 5331
9930 5332
9945 5333
9960 5334
9975 5335
9990 5336
News data saved to news_data_7.json with 10005 articles
0 5337
15 5338
30 5339
45 5340
60 5341
75 5342
90 5343
105 5344
120 5345
135 5346
150 5347
165 5348
180 5349
195 5350
210 5351
225 5352
240 5353
255 5354
270 5355
285 5356
300 5357
315 5358
330 5359
345 5360
360 5361
375 5362
390 5363
405 5364
420 5365
435 5366
450 5367
465 5368
480 5369
495 5370
510 5371
525 5372
540 5373
555 5374
570 5375
585 5376
600 5377
615 5378
630 5379
645 5380
660 5381
675 5382
690 5383
705 5384
720 5385
735 5386
750 5387
765 5388
780 5389
795 5390
810 5391
825 5392
840 5393
855 5394
870 5395
885 5396
900 5397
915 5398
930 5399
945 5400
960 5401
975 5402
990 5403
1005 5404
1020 5405
1035 5406
1050 5407
1065 5408
1080 5409
1095 5410
1110 5411
1125 5412
1140 5413
1155 5414
1170 5415
1185 5416
1200 5417
1215 5418
1230 5419
1245 5420
1260 5421
1275 5422
1290 5423
1305 5424
1320 5425
1335 5426
1350 5427
1365 5428
1380 5429
1395 5430
1410 5431
1425 5432
1440 5433
1455 5434
1470 5435
1485 5436
1500 5437
1515 5438
1530 5439
1545 5440
1560 5441
1575 5442
1590 5443
1605 5444
1620 5445
1635 5446
1650 5447
1665 5448
1680 5449
1695 5450
1710 5451
1725 5452
1740 5453
1755 5454
1770 5455
1785 5456
1800 5457
1815 5458
1830 5459
1845 5460
1860 5461
1875 5462
1890 5463
1905 5464
1920 5465
1935 5466
1950 5467
1965 5468
1980 5469
1995 5470
2010 5471
2025 5472
2040 5473
2055 5474
2070 5475
2085 5476
2100 5477
2115 5478
2130 5479
2145 5480
2160 5481
2175 5482
2190 5483
2205 5484
2220 5485
2235 5486
2250 5487
2265 5488
2280 5489
2295 5490
2310 5491
2325 5492
2340 5493
2355 5494
2370 5495
2385 5496
2400 5497
2415 5498
2430 5499
2445 5500
2460 5501
2475 5502
2490 5503
2505 5504
2520 5505
2535 5506
2550 5507
2565 5508
2580 5509
2595 5510
2610 5511
2625 5512
2640 5513
2655 5514
2670 5515
2685 5516
2700 5517
2715 5518
2730 5519
2745 5520
2760 5521
2775 5522
2790 5523
2805 5524
2820 5525
2835 5526
2850 5527
2865 5528
2880 5529
2895 5530
2910 5531
2925 5532
2940 5533
2955 5534
2970 5535
2985 5536
3000 5537
3015 5538
3030 5539
3045 5540
3060 5541
3075 5542
3090 5543
3105 5544
3120 5545
3135 5546
3150 5547
3165 5548
3180 5549
3195 5550
3210 5551
3225 5552
3240 5553
3255 5554
3270 5555
3285 5556
3300 5557
3315 5558
3330 5559
3345 5560
3360 5561
3375 5562
3390 5563
3405 5564
3420 5565
3435 5566
3450 5567
3465 5568
3480 5569
3495 5570
3510 5571
3525 5572
3540 5573
3555 5574
3570 5575
3585 5576
3600 5577
3615 5578
3630 5579
3645 5580
3660 5581
3675 5582
3690 5583
3705 5584
3720 5585
3735 5586
3750 5587
3765 5588
3780 5589
3795 5590
3810 5591
3825 5592
3840 5593
3855 5594
3870 5595
3885 5596
3900 5597
3915 5598
3930 5599
3945 5600
3960 5601
3975 5602
3990 5603
4005 5604
4020 5605
4035 5606
4050 5607
4065 5608
4080 5609
4095 5610
4110 5611
4125 5612
4140 5613
4155 5614
4170 5615
4185 5616
4200 5617
4215 5618
4230 5619
4245 5620
4260 5621
4275 5622
4290 5623
4305 5624
4320 5625
4335 5626
4350 5627
4365 5628
4380 5629
4395 5630
4410 5631
4425 5632
4440 5633
4455 5634
4470 5635
4485 5636
4500 5637
4515 5638
4530 5639
4545 5640
4560 5641
4575 5642
4590 5643
4605 5644
4620 5645
4635 5646
4650 5647
4665 5648
4680 5649
4695 5650
4710 5651
4725 5652
4740 5653
4755 5654
4770 5655
4785 5656
4800 5657
4815 5658
4830 5659
4845 5660
4860 5661
4875 5662
4890 5663
4905 5664
4920 5665
4935 5666
4950 5667
4965 5668
4980 5669
4995 5670
5010 5671
5025 5672
5040 5673
5055 5674
5070 5675
5085 5676
5100 5677
5115 5678
5130 5679
5145 5680
5160 5681
5175 5682
5190 5683
5205 5684
5220 5685
5235 5686
5250 5687
5265 5688
5280 5689
5295 5690
5310 5691
5325 5692
5340 5693
5355 5694
5370 5695
5385 5696
5400 5697
5415 5698
5430 5699
5445 5700
5460 5701
5475 5702
5490 5703
5505 5704
5520 5705
5535 5706
5550 5707
5565 5708
5580 5709
5595 5710
5610 5711
5625 5712
5640 5713
5655 5714
5670 5715
5685 5716
5700 5717
5715 5718
5730 5719
5745 5720
5760 5721
5775 5722
5790 5723
5805 5724
5820 5725
5835 5726
5850 5727
5865 5728
5880 5729
5895 5730
5910 5731
5925 5732
5940 5733
5955 5734
5970 5735
5985 5736
6000 5737
6015 5738
6030 5739
6045 5740
6060 5741
6075 5742
6090 5743
6105 5744
6120 5745
6135 5746
6150 5747
6165 5748
6180 5749
6195 5750
6210 5751
6225 5752
6240 5753
6255 5754
6270 5755
6285 5756
6300 5757
6315 5758
6330 5759
6345 5760
6360 5761
6375 5762
6390 5763
6405 5764
6420 5765
6435 5766
6450 5767
6465 5768
6480 5769
6495 5770
6510 5771
6525 5772
6540 5773
6555 5774
6570 5775
6585 5776
6600 5777
6615 5778
6630 5779
6645 5780
6660 5781
6675 5782
6690 5783
6705 5784
6720 5785
6735 5786
6750 5787
6765 5788
6780 5789
6795 5790
6810 5791
6825 5792
6840 5793
6855 5794
6870 5795
6885 5796
6900 5797
6915 5798
6930 5799
6945 5800
6960 5801
6975 5802
6990 5803
7005 5804
7020 5805
7035 5806
7050 5807
7065 5808
7080 5809
7095 5810
7110 5811
7125 5812
7140 5813
7155 5814
7170 5815
7185 5816
7200 5817
7215 5818
7230 5819
7245 5820
7260 5821
7275 5822
7290 5823
7305 5824
7320 5825
7335 5826
7350 5827
7365 5828
7380 5829
7395 5830
7410 5831
7425 5832
7440 5833
7455 5834
7470 5835
7485 5836
7500 5837
7515 5838
7530 5839
7545 5840
7560 5841
7575 5842
7590 5843
7605 5844
7620 5845
7635 5846
7650 5847
7665 5848
7680 5849
7695 5850
7710 5851
7725 5852
7740 5853
7755 5854
7770 5855
7785 5856
7800 5857
7815 5858
7830 5859
7845 5860
7860 5861
7875 5862
7890 5863
7905 5864
7920 5865
7935 5866
7950 5867
7965 5868
7980 5869
7995 5870
8010 5871
8025 5872
8040 5873
8055 5874
8070 5875
8085 5876
8100 5877
8115 5878
8130 5879
8145 5880
8160 5881
8175 5882
8190 5883
8205 5884
8220 5885
8235 5886
8250 5887
8265 5888
8280 5889
8295 5890
8310 5891
8325 5892
8340 5893
8355 5894
8370 5895
8385 5896
8400 5897
8415 5898
8430 5899
8445 5900
8460 5901
8475 5902
8490 5903
8505 5904
8520 5905
8535 5906
8550 5907
8565 5908
8580 5909
8595 5910
8610 5911
8625 5912
8640 5913
8655 5914
8670 5915
8685 5916
8700 5917
8715 5918
8730 5919
8745 5920
8760 5921
8775 5922
8790 5923
8805 5924
8820 5925
8835 5926
8850 5927
8865 5928
8880 5929
8895 5930
8910 5931
8925 5932
8940 5933
8955 5934
8970 5935
8985 5936
9000 5937
9015 5938
9030 5939
9045 5940
9060 5941
9075 5942
9090 5943
9105 5944
9120 5945
9135 5946
9150 5947
9165 5948
9180 5949
9195 5950
9210 5951
9225 5952
9240 5953
9255 5954
9270 5955
9285 5956
9300 5957
9315 5958
9330 5959
9345 5960
9360 5961
9375 5962
9390 5963
9405 5964
9420 5965
9435 5966
9450 5967
9465 5968
9480 5969
9495 5970
9510 5971
9525 5972
9540 5973
9555 5974
9570 5975
9585 5976
9600 5977
9615 5978
9630 5979
9645 5980
9660 5981
9675 5982
9690 5983
9705 5984
9720 5985
9735 5986
9750 5987
9765 5988
9780 5989
9795 5990
9810 5991
9825 5992
9840 5993
9855 5994
9870 5995
9885 5996
9900 5997
9915 5998
9930 5999
9945 6000
9960 6001
9975 6002
9990 6003
News data saved to news_data_8.json with 10005 articles
0 6004
15 6005
30 6006
45 6007
60 6008
75 6009
90 6010
105 6011
120 6012
135 6013
150 6014
165 6015
180 6016
195 6017
210 6018
225 6019
240 6020
255 6021
270 6022
285 6023
300 6024
315 6025
330 6026
345 6027
360 6028
375 6029
390 6030
405 6031
420 6032
435 6033
450 6034
465 6035
480 6036
495 6037
510 6038
525 6039
540 6040
555 6041
570 6042
585 6043
600 6044
615 6045
630 6046
645 6047
660 6048
675 6049
690 6050
705 6051
720 6052
735 6053
750 6054
765 6055
780 6056
795 6057
810 6058
825 6059
840 6060
855 6061
870 6062
885 6063
900 6064
915 6065
930 6066
945 6067
960 6068
975 6069
990 6070
1005 6071
1020 6072
1035 6073
1050 6074
1065 6075
1080 6076
1095 6077
1110 6078
1125 6079
1140 6080
1155 6081
1170 6082
1185 6083
1200 6084
1215 6085
1230 6086
1245 6087
1260 6088
1275 6089
1290 6090
1305 6091
1320 6092
1335 6093
1350 6094
1365 6095
1380 6096
1395 6097
1410 6098
1425 6099
1440 6100
1455 6101
1470 6102
1485 6103
1500 6104
1515 6105
1530 6106
1545 6107
1560 6108
1575 6109
1590 6110
1605 6111
1620 6112
1635 6113
1650 6114
1665 6115
1680 6116
1695 6117
1710 6118
1725 6119
1740 6120
1755 6121
1770 6122
1785 6123
1800 6124
1815 6125
1830 6126
1845 6127
1860 6128
1875 6129
1890 6130
1905 6131
1920 6132
1935 6133
1950 6134
1965 6135
1980 6136
1995 6137
2010 6138
2025 6139
2040 6140
2055 6141
2070 6142
2085 6143
2100 6144
2115 6145
2130 6146
2145 6147
2160 6148
2175 6149
2190 6150
2205 6151
2220 6152
2235 6153
2250 6154
2265 6155
2280 6156
2295 6157
2310 6158
2325 6159
2340 6160
2355 6161
2370 6162
2385 6163
2400 6164
2415 6165
2430 6166
2445 6167
2460 6168
2475 6169
2490 6170
2505 6171
2520 6172
2535 6173
2550 6174
2565 6175
2580 6176
2595 6177
2610 6178
2625 6179
2640 6180
2655 6181
2670 6182
2685 6183
2700 6184
2715 6185
2730 6186
2745 6187
2760 6188
2775 6189
2790 6190
2805 6191
2820 6192
2835 6193
2850 6194
2865 6195
2880 6196
2895 6197
2910 6198
2925 6199
2940 6200
2955 6201
2970 6202
2985 6203
3000 6204
3015 6205
3030 6206
3045 6207
3060 6208
3075 6209
3090 6210
3105 6211
3120 6212
3135 6213
3150 6214
3165 6215
3180 6216
3195 6217
3210 6218
3225 6219
3240 6220
3255 6221
3270 6222
3285 6223
3300 6224
3315 6225
3330 6226
3345 6227
3360 6228
3375 6229
3390 6230
3405 6231
3420 6232
3435 6233
3450 6234
3465 6235
3480 6236
3495 6237
3510 6238
3525 6239
3540 6240
3555 6241
3570 6242
3585 6243
3600 6244
3615 6245
3630 6246
3645 6247
3660 6248
3675 6249
3690 6250
3705 6251
3720 6252
3735 6253
3750 6254
3765 6255
3780 6256
3795 6257
3810 6258
3825 6259
3840 6260
3855 6261
3870 6262
3885 6263
3900 6264
3915 6265
3930 6266
3945 6267
3960 6268
3975 6269
3990 6270
4005 6271
4020 6272
4035 6273
4050 6274
4065 6275
4080 6276
4095 6277
4110 6278
4125 6279
4140 6280
4155 6281
4170 6282
4185 6283
4200 6284
4215 6285
4230 6286
4245 6287
4260 6288
4275 6289
4290 6290
4305 6291
4320 6292
4335 6293
4350 6294
4365 6295
4380 6296
4395 6297
4410 6298
4425 6299
4440 6300
4455 6301
4470 6302
4485 6303
4500 6304
4515 6305
4530 6306
4545 6307
4560 6308
4575 6309
4590 6310
4605 6311
4620 6312
4635 6313
4650 6314
4665 6315
4680 6316
4695 6317
4710 6318
4725 6319
4740 6320
4755 6321
4770 6322
4785 6323
4800 6324
4815 6325
4830 6326
4845 6327
4860 6328
4875 6329
4890 6330
4905 6331
4920 6332
4935 6333
4950 6334
4965 6335
4980 6336
4995 6337
5010 6338
5025 6339
5040 6340
5055 6341
5070 6342
5085 6343
5100 6344
5115 6345
5130 6346
5145 6347
5160 6348
5175 6349
5190 6350
5205 6351
5220 6352
5235 6353
5250 6354
5265 6355
5280 6356
5295 6357
5310 6358
5325 6359
5340 6360
5355 6361
5370 6362
5385 6363
5400 6364
5415 6365
5430 6366
5445 6367
5460 6368
5475 6369
5490 6370
5505 6371
5520 6372
5535 6373
5550 6374
5565 6375
5580 6376
5595 6377
5610 6378
5625 6379
5640 6380
5655 6381
5670 6382
5685 6383
5700 6384
5715 6385
5730 6386
5745 6387
5760 6388
5775 6389
5790 6390
5805 6391
5820 6392
5835 6393
5850 6394
5865 6395
5880 6396
5895 6397
5910 6398
5925 6399
5940 6400
5955 6401
5970 6402
5985 6403
6000 6404
6015 6405
6030 6406
6045 6407
6060 6408
6075 6409
6090 6410
6105 6411
6120 6412
6135 6413
6150 6414
6165 6415
6180 6416
6195 6417
6210 6418
6225 6419
6240 6420
6255 6421
6270 6422
6285 6423
6300 6424
6315 6425
6330 6426
6345 6427
6360 6428
6375 6429
6390 6430
6405 6431
6420 6432
6435 6433
6450 6434
6465 6435
6480 6436
6495 6437
6510 6438
6525 6439
6540 6440
6555 6441
6570 6442
6585 6443
6600 6444
6615 6445
6630 6446
6645 6447
6660 6448
6675 6449
6690 6450
6705 6451
6720 6452
6735 6453
6750 6454
6765 6455
6780 6456
6795 6457
6810 6458
6825 6459
6840 6460
6855 6461
6870 6462
6885 6463
6900 6464
6915 6465
6930 6466
6945 6467
6960 6468
6975 6469
6990 6470
7005 6471
7020 6472
7035 6473
7050 6474
7065 6475
7080 6476
7095 6477
7110 6478
7125 6479
7140 6480
7155 6481
7170 6482
7185 6483
7200 6484
7215 6485
7230 6486
7245 6487
7260 6488
7275 6489
7290 6490
7305 6491
7320 6492
7335 6493
7350 6494
7365 6495
7380 6496
7395 6497
7410 6498
7425 6499
7440 6500
7455 6501
7470 6502
7485 6503
7500 6504
7515 6505
7530 6506
7545 6507
7560 6508
7575 6509
7590 6510
7605 6511
7620 6512
7635 6513
7650 6514
7665 6515
7680 6516
7695 6517
7710 6518
7725 6519
7740 6520
7755 6521
7770 6522
7785 6523
7800 6524
7815 6525
7830 6526
7845 6527
7860 6528
7875 6529
7890 6530
7905 6531
7920 6532
7935 6533
7950 6534
7965 6535
7980 6536
7995 6537
8010 6538
8025 6539
8040 6540
8055 6541
8070 6542
8085 6543
8100 6544
8115 6545
8130 6546
8145 6547
8160 6548
8175 6549
8190 6550
8205 6551
8220 6552
8235 6553
8250 6554
8265 6555
8280 6556
8295 6557
8310 6558
8325 6559
8340 6560
8355 6561
8370 6562
8385 6563
8400 6564
8415 6565
8430 6566
8445 6567
8460 6568
8475 6569
8490 6570
8505 6571
8520 6572
8535 6573
8550 6574
8565 6575
8580 6576
8595 6577
8610 6578
8625 6579
8640 6580
8655 6581
8670 6582
8685 6583
8700 6584
8715 6585
8730 6586
8745 6587
8760 6588
8775 6589
8790 6590
8805 6591
8820 6592
8835 6593
8850 6594
8865 6595
8880 6596
8895 6597
8910 6598
8925 6599
8940 6600
8955 6601
8970 6602
8985 6603
9000 6604
9015 6605
9030 6606
9045 6607
9060 6608
9075 6609
9090 6610
9105 6611
9120 6612
9135 6613
9150 6614
9165 6615
9180 6616
9195 6617
9210 6618
9225 6619
9240 6620
9255 6621
9270 6622
9285 6623
9300 6624
9315 6625
9330 6626
9345 6627
9360 6628
9375 6629
9390 6630
9405 6631
9420 6632
9435 6633
9450 6634
9465 6635
9480 6636
9495 6637
9510 6638
9525 6639
9540 6640
9555 6641
9570 6642
9585 6643
9600 6644
9615 6645
9630 6646
9645 6647
9660 6648
9675 6649
9690 6650
9705 6651
9720 6652
9735 6653
9750 6654
9765 6655
9780 6656
9795 6657
9810 6658
9825 6659
9840 6660
9855 6661
9870 6662
9885 6663
9900 6664
9915 6665
9930 6666
9945 6667
9960 6668
9975 6669
9990 6670
News data saved to news_data_9.json with 10005 articles
0 6671
15 6672
30 6673
45 6674
60 6675
75 6676
90 6677
105 6678
120 6679
135 6680
150 6681
165 6682
180 6683
195 6684
210 6685
225 6686
240 6687
255 6688
270 6689
285 6690
300 6691
315 6692
330 6693
345 6694
360 6695
375 6696
390 6697
405 6698
420 6699
435 6700
450 6701
465 6702
480 6703
495 6704
510 6705
525 6706
540 6707
555 6708
570 6709
585 6710
600 6711
615 6712
630 6713
645 6714
660 6715
675 6716
690 6717
705 6718
720 6719
735 6720
750 6721
765 6722
780 6723
795 6724
810 6725
825 6726
840 6727
855 6728
870 6729
885 6730
900 6731
915 6732
930 6733
945 6734
960 6735
975 6736
990 6737
1005 6738
1020 6739
1035 6740
1050 6741
1065 6742
1080 6743
1095 6744
1110 6745
1125 6746
1140 6747
1155 6748
1170 6749
1185 6750
1200 6751
1215 6752
1230 6753
1245 6754
1260 6755
1275 6756
1290 6757
1305 6758
1320 6759
1335 6760
1350 6761
1365 6762
1380 6763
1395 6764
1410 6765
1425 6766
1440 6767
1455 6768
1470 6769
1485 6770
1500 6771
1515 6772
1530 6773
1545 6774
1560 6775
1575 6776
1590 6777
1605 6778
1620 6779
1635 6780
1650 6781
1665 6782
1680 6783
1695 6784
1710 6785
1725 6786
1740 6787
1755 6788
1770 6789
1785 6790
1800 6791
1815 6792
1830 6793
1845 6794
1860 6795
1875 6796
1890 6797
1905 6798
1920 6799
1935 6800
1950 6801
1965 6802
1980 6803
1995 6804
2010 6805
2025 6806
2040 6807
2055 6808
2070 6809
2085 6810
2100 6811
2115 6812
2130 6813
2145 6814
2160 6815
2175 6816
2190 6817
2205 6818
2220 6819
2235 6820
2250 6821
2265 6822
2280 6823
2295 6824
2310 6825
2325 6826
2340 6827
2355 6828
2370 6829
2385 6830
2400 6831
2415 6832
2430 6833
2445 6834
2460 6835
2475 6836
2490 6837
2505 6838
2520 6839
2535 6840
2550 6841
2565 6842
2580 6843
2595 6844
2610 6845
2625 6846
2640 6847
2655 6848
2670 6849
2685 6850
2700 6851
2715 6852
2730 6853
2745 6854
2760 6855
2775 6856
2790 6857
2805 6858
2820 6859
2835 6860
2850 6861
2865 6862
2880 6863
2895 6864
2910 6865
2925 6866
2940 6867
2955 6868
2970 6869
2985 6870
3000 6871
3015 6872
3030 6873
3045 6874
3060 6875
3075 6876
3090 6877
3105 6878
3120 6879
3135 6880
3150 6881
3165 6882
3180 6883
3195 6884
3210 6885
3225 6886
3240 6887
3255 6888
3270 6889
3285 6890
3300 6891
3315 6892
3330 6893
3345 6894
3360 6895
3375 6896
3390 6897
3405 6898
3420 6899
3435 6900
3450 6901
3465 6902
3480 6903
3495 6904
3510 6905
3525 6906
3540 6907
3555 6908
3570 6909
3585 6910
3600 6911
3615 6912
3630 6913
3645 6914
3660 6915
3675 6916
3690 6917
3705 6918
3720 6919
3735 6920
3750 6921
3765 6922
3780 6923
3795 6924
3810 6925
3825 6926
3840 6927
3855 6928
3870 6929
3885 6930
3900 6931
3915 6932
3930 6933
3945 6934
3960 6935
3975 6936
3990 6937
4005 6938
4020 6939
4035 6940
4050 6941
4065 6942
4080 6943
4095 6944
4110 6945
4125 6946
4140 6947
4155 6948
4170 6949
4185 6950
4200 6951
4215 6952
4230 6953
4245 6954
4260 6955
4275 6956
4290 6957
4305 6958
4320 6959
4335 6960
4350 6961
4365 6962
4380 6963
4395 6964
4410 6965
4425 6966
4440 6967
4455 6968
4470 6969
4485 6970
4500 6971
4515 6972
4530 6973
4545 6974
4560 6975
4575 6976
4590 6977
4605 6978
4620 6979
4635 6980
4650 6981
4665 6982
4680 6983
4695 6984
4710 6985
4725 6986
4740 6987
4755 6988
4770 6989
4785 6990
4800 6991
4815 6992
4830 6993
4845 6994
4860 6995
4875 6996
4890 6997
4905 6998
4920 6999
4935 7000
4950 7001
4965 7002
4980 7003
4995 7004
5010 7005
5025 7006
5040 7007
5055 7008
5070 7009
5085 7010
5100 7011
5115 7012
5130 7013
5145 7014
5160 7015
5175 7016
5190 7017
5205 7018
5220 7019
5235 7020
5250 7021
5265 7022
5280 7023
5295 7024
5310 7025
5325 7026
5340 7027
5355 7028
5370 7029
5385 7030
5400 7031
5415 7032
5430 7033
5445 7034
5460 7035
5475 7036
5490 7037
5505 7038
5520 7039
5535 7040
5550 7041
5565 7042
5580 7043
5595 7044
5610 7045
5625 7046
5640 7047
5655 7048
5670 7049
5685 7050
5700 7051
5715 7052
5730 7053
5745 7054
5760 7055
5775 7056
5790 7057
5805 7058
5820 7059
5835 7060
5850 7061
5865 7062
5880 7063
5895 7064
5910 7065
5925 7066
5940 7067
5955 7068
5970 7069
5985 7070
6000 7071
6015 7072
6030 7073
6045 7074
6060 7075
6075 7076
6090 7077
6105 7078
6120 7079
6135 7080
6150 7081
6165 7082
6180 7083
6195 7084
6210 7085
6225 7086
6240 7087
6255 7088
6270 7089
6285 7090
6300 7091
6315 7092
6330 7093
6345 7094
6360 7095
6375 7096
6390 7097
6405 7098
6420 7099
6435 7100
6450 7101
6465 7102
6480 7103
6495 7104
6510 7105
6525 7106
6540 7107
6555 7108
6570 7109
6585 7110
6600 7111
6615 7112
6630 7113
6645 7114
6660 7115
6675 7116
6690 7117
6705 7118
6720 7119
6735 7120
6750 7121
6765 7122
6780 7123
6795 7124
6810 7125
6825 7126
6840 7127
6855 7128
6870 7129
6885 7130
6900 7131
6915 7132
6930 7133
6945 7134
6960 7135
6975 7136
6990 7137
7005 7138
7020 7139
7035 7140
7050 7141
7065 7142
7080 7143
7095 7144
7110 7145
7125 7146
7140 7147
7155 7148
7170 7149
7185 7150
7200 7151
7215 7152
7230 7153
7245 7154
7260 7155
7275 7156
7290 7157
7305 7158
7320 7159
7335 7160
7350 7161
7365 7162
7380 7163
7395 7164
7410 7165
7425 7166
7440 7167
7455 7168
7470 7169
7485 7170
7500 7171
7515 7172
7530 7173
7545 7174
7560 7175
7575 7176
7590 7177
7605 7178
7620 7179
7635 7180
7650 7181
7665 7182
7680 7183
7695 7184
7710 7185
7725 7186
7740 7187
7755 7188
7770 7189
7785 7190
7800 7191
7815 7192
7830 7193
7845 7194
7860 7195
7875 7196
7890 7197
7905 7198
7920 7199
7935 7200
7950 7201
7965 7202
7980 7203
7995 7204
8010 7205
8025 7206
8040 7207
8055 7208
8070 7209
8085 7210
8100 7211
8115 7212
8130 7213
8145 7214
8160 7215
8175 7216
8190 7217
8205 7218
8220 7219
8235 7220
8250 7221
8265 7222
8280 7223
8295 7224
8310 7225
8325 7226
8340 7227
8355 7228
8370 7229
8385 7230
8400 7231
8415 7232
8430 7233
8445 7234
8460 7235
8475 7236
8490 7237
8505 7238
8520 7239
8535 7240
8550 7241
8565 7242
8580 7243
8595 7244
8610 7245
8625 7246
8640 7247
8655 7248
8670 7249
8685 7250
8700 7251
8715 7252
8730 7253
8745 7254
8760 7255
8775 7256
8790 7257
8805 7258
8820 7259
8835 7260
8850 7261
8865 7262
8880 7263
8895 7264
8910 7265
8925 7266
8940 7267
8955 7268
8970 7269
8985 7270
9000 7271
9015 7272
9030 7273
9045 7274
9060 7275
9075 7276
9090 7277
9105 7278
9120 7279
9135 7280
9150 7281
9165 7282
9180 7283
9195 7284
9210 7285
9225 7286
9240 7287
9255 7288
9270 7289
9285 7290
9300 7291
9315 7292
9330 7293
9345 7294
9360 7295
9375 7296
9390 7297
9405 7298
9420 7299
9435 7300
9450 7301
9465 7302
9480 7303
9495 7304
9510 7305
9525 7306
9540 7307
9555 7308
9570 7309
9585 7310
9600 7311
9615 7312
9630 7313
9645 7314
9660 7315
9675 7316
9690 7317
9705 7318
9720 7319
9735 7320
9750 7321
9765 7322
9780 7323
9795 7324
9810 7325
9825 7326
9840 7327
9855 7328
9870 7329
9885 7330
9900 7331
9915 7332
9930 7333
9945 7334
9960 7335
9975 7336
9990 7337
News data saved to news_data_10.json with 10005 articles
0 7338
15 7339
30 7340
45 7341
60 7342
75 7343
90 7344
105 7345
120 7346
135 7347
150 7348
165 7349
180 7350
195 7351
210 7352
225 7353
240 7354
255 7355
270 7356
285 7357
300 7358
315 7359
330 7360
345 7361
360 7362
375 7363
390 7364
405 7365
420 7366
435 7367
450 7368
465 7369
480 7370
495 7371
510 7372
525 7373
540 7374
555 7375
570 7376
585 7377
600 7378
615 7379
630 7380
645 7381
660 7382
675 7383
690 7384
705 7385
720 7386
735 7387
750 7388
765 7389
780 7390
795 7391
810 7392
825 7393
840 7394
855 7395
870 7396
885 7397
900 7398
915 7399
930 7400
945 7401
960 7402
975 7403
990 7404
1005 7405
1020 7406
1035 7407
1050 7408
1065 7409
1080 7410
1095 7411
1110 7412
1125 7413
1140 7414
1155 7415
1170 7416
1185 7417
1200 7418
1215 7419
1230 7420
1245 7421
1260 7422
1275 7423
1290 7424
1305 7425
1320 7426
1335 7427
1350 7428
1365 7429
1380 7430
1395 7431
1410 7432
1425 7433
1440 7434
1455 7435
1470 7436
1485 7437
1500 7438
1515 7439
1530 7440
1545 7441
1560 7442
1575 7443
1590 7444
1605 7445
1620 7446
1635 7447
1650 7448
1665 7449
1680 7450
1695 7451
1710 7452
1725 7453
1740 7454
1755 7455
1770 7456
1785 7457
1800 7458
1815 7459
1830 7460
1845 7461
1860 7462
1875 7463
1890 7464
1905 7465
1920 7466
1935 7467
1950 7468
1965 7469
1980 7470
1995 7471
2010 7472
2025 7473
2040 7474
2055 7475
2070 7476
2085 7477
2100 7478
2115 7479
2130 7480
2145 7481
2160 7482
2175 7483
2190 7484
2205 7485
2220 7486
2235 7487
2250 7488
2265 7489
2280 7490
2295 7491
2310 7492
2325 7493
2340 7494
2355 7495
2370 7496
2385 7497
2400 7498
2415 7499
2430 7500
2445 7501
2460 7502
2475 7503
2490 7504
2505 7505
2520 7506
2535 7507
2550 7508
2565 7509
2580 7510
2595 7511
2610 7512
2625 7513
2640 7514
2655 7515
2670 7516
2685 7517
2700 7518
2715 7519
2730 7520
2745 7521
2760 7522
2775 7523
2790 7524
2805 7525
2820 7526
2835 7527
2850 7528
2865 7529
2880 7530
2895 7531
2910 7532
2925 7533
2940 7534
2955 7535
2970 7536
2985 7537
3000 7538
3015 7539
3030 7540
3045 7541
3060 7542
3075 7543
3090 7544
3105 7545
3120 7546
3135 7547
3150 7548
3165 7549
3180 7550
3195 7551
3210 7552
3225 7553
3240 7554
3255 7555
3270 7556
3285 7557
3300 7558
3315 7559
3330 7560
3345 7561
3360 7562
3375 7563
3390 7564
3405 7565
3420 7566
3435 7567
3450 7568
3465 7569
3480 7570
3495 7571
3510 7572
3525 7573
3540 7574
3555 7575
3570 7576
3585 7577
3600 7578
3615 7579
3630 7580
3645 7581
3660 7582
3675 7583
3690 7584
3705 7585
3720 7586
3735 7587
3750 7588
3765 7589
3780 7590
3795 7591
3810 7592
3825 7593
3840 7594
3855 7595
3870 7596
3885 7597
3900 7598
3915 7599
3930 7600
3945 7601
3960 7602
3975 7603
3990 7604
4005 7605
4020 7606
4035 7607
4050 7608
4065 7609
4080 7610
4095 7611
4110 7612
4125 7613
4140 7614
4155 7615
4170 7616
4185 7617
4200 7618
4215 7619
4230 7620
4245 7621
4260 7622
4275 7623
4290 7624
4305 7625
4320 7626
4335 7627
4350 7628
4365 7629
4380 7630
4395 7631
4410 7632
4425 7633
4440 7634
4455 7635
4470 7636
4485 7637
4500 7638
4515 7639
4530 7640
4545 7641
4560 7642
4575 7643
4590 7644
4605 7645
4620 7646
4635 7647
4650 7648
4665 7649
4680 7650
4695 7651
4710 7652
4725 7653
4740 7654
4755 7655
4770 7656
4785 7657
4800 7658
4815 7659
4830 7660
4845 7661
4860 7662
4875 7663
4890 7664
4905 7665
4920 7666
4935 7667
4950 7668
4965 7669
4980 7670
4995 7671
5010 7672
5025 7673
5040 7674
5055 7675
5070 7676
5085 7677
5100 7678
5115 7679
5130 7680
5145 7681
5160 7682
5175 7683
5190 7684
5205 7685
5220 7686
5235 7687
5250 7688
5265 7689
5280 7690
5295 7691
5310 7692
5325 7693
5340 7694
5355 7695
5370 7696
5385 7697
5400 7698
5415 7699
5430 7700
5445 7701
5460 7702
5475 7703
5490 7704
5505 7705
5520 7706
5535 7707
5550 7708
5565 7709
5580 7710
5595 7711
5610 7712
5625 7713
5640 7714
5655 7715
5670 7716
5685 7717
5700 7718
5715 7719
5730 7720
5745 7721
5760 7722
5775 7723
5790 7724
5805 7725
5820 7726
5835 7727
5850 7728
5865 7729
5880 7730
5895 7731
5910 7732
5925 7733
5940 7734
5955 7735
5970 7736
5985 7737
6000 7738
6015 7739
6030 7740
6045 7741
6060 7742
6075 7743
6090 7744
6105 7745
6120 7746
6135 7747
6150 7748
6165 7749
6180 7750
6195 7751
6210 7752
6225 7753
6240 7754
6255 7755
6270 7756
6285 7757
6300 7758
6315 7759
6330 7760
6345 7761
6360 7762
6375 7763
6390 7764
6405 7765
6420 7766
6435 7767
6450 7768
6465 7769
6480 7770
6495 7771
6510 7772
6525 7773
6540 7774
6555 7775
6570 7776
6585 7777
6600 7778
6615 7779
6630 7780
6645 7781
6660 7782
6675 7783
6690 7784
6705 7785
6720 7786
6735 7787
6750 7788
6765 7789
6780 7790
6795 7791
6810 7792
6825 7793
6840 7794
6855 7795
6870 7796
6885 7797
6900 7798
6915 7799
6930 7800
6945 7801
6960 7802
6975 7803
6990 7804
7005 7805
7020 7806
7035 7807
7050 7808
7065 7809
7080 7810
7095 7811
7110 7812
7125 7813
7140 7814
7155 7815
7170 7816
7185 7817
7200 7818
7215 7819
7230 7820
7245 7821
7260 7822
7275 7823
7290 7824
7305 7825
7320 7826
7335 7827
7350 7828
7365 7829
7380 7830
7395 7831
7410 7832
7425 7833
7440 7834
7455 7835
7470 7836
7485 7837
7500 7838
7515 7839
7530 7840
7545 7841
7560 7842
7575 7843
7590 7844
7605 7845
7620 7846
7635 7847
7650 7848
7665 7849
7680 7850
7695 7851
7710 7852
7725 7853
7740 7854
7755 7855
7770 7856
7785 7857
7800 7858
7815 7859
7830 7860
7845 7861
7860 7862
7875 7863
7890 7864
7905 7865
7920 7866
7935 7867
7950 7868
7965 7869
7980 7870
7995 7871
8010 7872
8025 7873
8040 7874
8055 7875
8070 7876
8085 7877
8100 7878
8115 7879
8130 7880
8145 7881
8160 7882
8175 7883
8190 7884
8205 7885
8220 7886
8235 7887
8250 7888
8265 7889
8280 7890
8295 7891
8310 7892
8325 7893
8340 7894
8355 7895
8370 7896
8385 7897
8400 7898
8415 7899
8430 7900
8445 7901
8460 7902
8475 7903
8490 7904
8505 7905
8520 7906
8535 7907
8550 7908
8565 7909
8580 7910
8595 7911
8610 7912
8625 7913
8640 7914
8655 7915
8670 7916
8685 7917
8700 7918
8715 7919
8730 7920
8745 7921
8760 7922
8775 7923
8790 7924
8805 7925
8820 7926
8835 7927
8850 7928
8865 7929
8880 7930
8895 7931
8910 7932
8925 7933
8940 7934
8955 7935
8970 7936
8985 7937
9000 7938
9015 7939
9030 7940
9045 7941
9060 7942
9075 7943
9090 7944
9105 7945
9120 7946
9135 7947
9150 7948
9165 7949
9180 7950
9195 7951
9210 7952
9225 7953
9240 7954
9255 7955
9270 7956
9285 7957
9300 7958
9315 7959
9330 7960
9345 7961
9360 7962
9375 7963
9390 7964
9405 7965
9420 7966
9435 7967
9450 7968
9465 7969
9480 7970
9495 7971
9510 7972
9525 7973
9540 7974
9555 7975
9570 7976
9585 7977
9600 7978
9615 7979
9630 7980
9645 7981
9660 7982
9675 7983
9690 7984
9705 7985
9720 7986
9735 7987
9750 7988
9765 7989
9780 7990
9795 7991
9810 7992
9825 7993
9840 7994
9855 7995
9870 7996
9885 7997
9900 7998
9915 7999
9930 8000
9945 8001
9960 8002
9975 8003
9990 8004
News data saved to news_data_11.json with 10005 articles
0 8005
15 8006
30 8007
45 8008
60 8009
75 8010
90 8011
105 8012
120 8013
135 8014
150 8015
165 8016
180 8017
195 8018
210 8019
225 8020
240 8021
255 8022
270 8023
285 8024
300 8025
315 8026
330 8027
345 8028
360 8029
375 8030
390 8031
405 8032
420 8033
435 8034
450 8035
465 8036
480 8037
495 8038
510 8039
525 8040
540 8041
555 8042
570 8043
585 8044
600 8045
615 8046
630 8047
645 8048
660 8049
675 8050
690 8051
705 8052
720 8053
735 8054
750 8055
765 8056
780 8057
795 8058
810 8059
825 8060
840 8061
855 8062
870 8063
885 8064
900 8065
915 8066
930 8067
945 8068
960 8069
975 8070
990 8071
1005 8072
1020 8073
1035 8074
1050 8075
1065 8076
1080 8077
1095 8078
1110 8079
1125 8080
1140 8081
1155 8082
1170 8083
1185 8084
1200 8085
1215 8086
1230 8087
1245 8088
1260 8089
1275 8090
1290 8091
1305 8092
1320 8093
1335 8094
1350 8095
1365 8096
1380 8097
1395 8098
1410 8099
1425 8100
1440 8101
1455 8102
1470 8103
1485 8104
1500 8105
1515 8106
1530 8107
1545 8108
1560 8109
1575 8110
1590 8111
1605 8112
1620 8113
1635 8114
1650 8115
1665 8116
1680 8117
1695 8118
1710 8119
1725 8120
1740 8121
1755 8122
1770 8123
1785 8124
1800 8125
1815 8126
1830 8127
1845 8128
1860 8129
1875 8130
1890 8131
1905 8132
1920 8133
1935 8134
1950 8135
1965 8136
1980 8137
1995 8138
2010 8139
2025 8140
2040 8141
2055 8142
2070 8143
2085 8144
2100 8145
2115 8146
2130 8147
2145 8148
2160 8149
2175 8150
2190 8151
2205 8152
2220 8153
2235 8154
2250 8155
2265 8156
2280 8157
2295 8158
2310 8159
2325 8160
2340 8161
2355 8162
2370 8163
2385 8164
2400 8165
2415 8166
2430 8167
2445 8168
2460 8169
2475 8170
2490 8171
2505 8172
2520 8173
2535 8174
2550 8175
2565 8176
2580 8177
2595 8178
2610 8179
2625 8180
2640 8181
2655 8182
2670 8183
2685 8184
2700 8185
2715 8186
2730 8187
2745 8188
2760 8189
2775 8190
2790 8191
2805 8192
2820 8193
2835 8194
2850 8195
2865 8196
2880 8197
2895 8198
2910 8199
2925 8200
2940 8201
2955 8202
2970 8203
2985 8204
3000 8205
3015 8206
3030 8207
3045 8208
3060 8209
3075 8210
3090 8211
3105 8212
3120 8213
3135 8214
3150 8215
3165 8216
3180 8217
3195 8218
3210 8219
3225 8220
3240 8221
3255 8222
3270 8223
3285 8224
3300 8225
3315 8226
3330 8227
3345 8228
3360 8229
3375 8230
3390 8231
3405 8232
3420 8233
3435 8234
3450 8235
3465 8236
3480 8237
3495 8238
3510 8239
3525 8240
3540 8241
3555 8242
3570 8243
3585 8244
3600 8245
3615 8246
3630 8247
3645 8248
3660 8249
3675 8250
3690 8251
3705 8252
3720 8253
3735 8254
3750 8255
3765 8256
3780 8257
3795 8258
3810 8259
3825 8260
3840 8261
3855 8262
3870 8263
3885 8264
3900 8265
3915 8266
3930 8267
3945 8268
3960 8269
3975 8270
3990 8271
4005 8272
4020 8273
4035 8274
4050 8275
4065 8276
4080 8277
4095 8278
4110 8279
4125 8280
4140 8281
4155 8282
4170 8283
4185 8284
4200 8285
4215 8286
4230 8287
4245 8288
4260 8289
4275 8290
4290 8291
4305 8292
4320 8293
4335 8294
4350 8295
4365 8296
4380 8297
4395 8298
4410 8299
4425 8300
4440 8301
4455 8302
4470 8303
4485 8304
4500 8305
4515 8306
4530 8307
4545 8308
4560 8309
4575 8310
4590 8311
4605 8312
4620 8313
4635 8314
4650 8315
4665 8316
4680 8317
4695 8318
4710 8319
4725 8320
4740 8321
4755 8322
4770 8323
4785 8324
4800 8325
4815 8326
4830 8327
4845 8328
4860 8329
4875 8330
4890 8331
4905 8332
4920 8333
4935 8334
4950 8335
4965 8336
4980 8337
4995 8338
5010 8339
5025 8340
5040 8341
5055 8342
5070 8343
5085 8344
5100 8345
5115 8346
5130 8347
5145 8348
5160 8349
5175 8350
5190 8351
5205 8352
5220 8353
5235 8354
5250 8355
5265 8356
5280 8357
5295 8358
5310 8359
5325 8360
5340 8361
5355 8362
5370 8363
5385 8364
5400 8365
5415 8366
5430 8367
5445 8368
5460 8369
5475 8370
5490 8371
5505 8372
5520 8373
5535 8374
5550 8375
5565 8376
5580 8377
5595 8378
5610 8379
5625 8380
5640 8381
5655 8382
5670 8383
5685 8384
5700 8385
5715 8386
5730 8387
5745 8388
5760 8389
5775 8390
5790 8391
5805 8392
5820 8393
5835 8394
5850 8395
5865 8396
5880 8397
5895 8398
5910 8399
5925 8400
5940 8401
5955 8402
5970 8403
5985 8404
6000 8405
6015 8406
6030 8407
6045 8408
6060 8409
6075 8410
6090 8411
6105 8412
6120 8413
6135 8414
6150 8415
6165 8416
6180 8417
6195 8418
6210 8419
6225 8420
6240 8421
6255 8422
6270 8423
6285 8424
6300 8425
6315 8426
6330 8427
6345 8428
6360 8429
6375 8430
6390 8431
6405 8432
6420 8433
6435 8434
6450 8435
6465 8436
6480 8437
6495 8438
6510 8439
6525 8440
6540 8441
6555 8442
6570 8443
6585 8444
6600 8445
6615 8446
6630 8447
6645 8448
6660 8449
6675 8450
6690 8451
6705 8452
6720 8453
6735 8454
6750 8455
6765 8456
6780 8457
6795 8458
6810 8459
6825 8460
6840 8461
6855 8462
6870 8463
6885 8464
6900 8465
6915 8466
6930 8467
6945 8468
6960 8469
6975 8470
6990 8471
7005 8472
7020 8473
7035 8474
7050 8475
7065 8476
7080 8477
7095 8478
7110 8479
7125 8480
7140 8481
7155 8482
7170 8483
7185 8484
7200 8485
7215 8486
7230 8487
7245 8488
7260 8489
7275 8490
7290 8491
7305 8492
7320 8493
7335 8494
7350 8495
7365 8496
7380 8497
7395 8498
7410 8499
7425 8500
7440 8501
7455 8502
7470 8503
7485 8504
7500 8505
7515 8506
7530 8507
7545 8508
7560 8509
7575 8510
7590 8511
7605 8512
7620 8513
7635 8514
7650 8515
7665 8516
7680 8517
7695 8518
7710 8519
7725 8520
7740 8521
7755 8522
7770 8523
7785 8524
7800 8525
7815 8526
7830 8527
7845 8528
7860 8529
7875 8530
7890 8531
7905 8532
7920 8533
7935 8534
7950 8535
7965 8536
7980 8537
7995 8538
8010 8539
8025 8540
8040 8541
8055 8542
8070 8543
8085 8544
8100 8545
8115 8546
8130 8547
8145 8548
8160 8549
8175 8550
8190 8551
8205 8552
8220 8553
8235 8554
8250 8555
8265 8556
8280 8557
8295 8558
8310 8559
8325 8560
8340 8561
8355 8562
8370 8563
8385 8564
8400 8565
8415 8566
8430 8567
8445 8568
8460 8569
8475 8570
8490 8571
8505 8572
8520 8573
8535 8574
8550 8575
8565 8576
8580 8577
8595 8578
8610 8579
8625 8580
8640 8581
8655 8582
8670 8583
8685 8584
8700 8585
8715 8586
8730 8587
8745 8588
8760 8589
8775 8590
8790 8591
8805 8592
8820 8593
8835 8594
8850 8595
8865 8596
8880 8597
8895 8598
8910 8599
8925 8600
8940 8601
8955 8602
8970 8603
8985 8604
9000 8605
9015 8606
9030 8607
9045 8608
9060 8609
9075 8610
9090 8611
9105 8612
9120 8613
9135 8614
9150 8615
9165 8616
9180 8617
9195 8618
9210 8619
9225 8620
9240 8621
9255 8622
9270 8623
9285 8624
9300 8625
9315 8626
9330 8627
9345 8628
9360 8629
9375 8630
9390 8631
9405 8632
9420 8633
9435 8634
9450 8635
9465 8636
9480 8637
9495 8638
9510 8639
9525 8640
9540 8641
9555 8642
9570 8643
9585 8644
9600 8645
9615 8646
9630 8647
9645 8648
9660 8649
9675 8650
9690 8651
9705 8652
9720 8653
9735 8654
9750 8655
9765 8656
9780 8657
9795 8658
9810 8659
9825 8660
9840 8661
9855 8662
9870 8663
9885 8664
9900 8665
9915 8666
9930 8667
9945 8668
9960 8669
9975 8670
9990 8671
News data saved to news_data_12.json with 10005 articles
0 8672
15 8673
30 8674
45 8675
60 8676
75 8677
90 8678
105 8679
120 8680
135 8681
150 8682
165 8683
180 8684
195 8685
210 8686
225 8687
240 8688
255 8689
270 8690
285 8691
300 8692
315 8693
330 8694
345 8695
360 8696
375 8697
390 8698
405 8699
420 8700
435 8701
450 8702
465 8703
480 8704
495 8705
510 8706
525 8707
540 8708
555 8709
570 8710
585 8711
600 8712
615 8713
630 8714
645 8715
660 8716
675 8717
690 8718
705 8719
720 8720
735 8721
750 8722
765 8723
780 8724
795 8725
810 8726
825 8727
840 8728
855 8729
870 8730
885 8731
900 8732
915 8733
930 8734
945 8735
960 8736
975 8737
990 8738
1005 8739
1020 8740
1035 8741
1050 8742
1065 8743
1080 8744
1095 8745
1110 8746
1125 8747
1140 8748
1155 8749
1170 8750
1185 8751
1200 8752
1215 8753
1230 8754
1245 8755
1260 8756
1275 8757
1290 8758
1305 8759
1320 8760
1335 8761
1350 8762
1365 8763
1380 8764
1395 8765
1410 8766
1425 8767
1440 8768
1455 8769
1470 8770
1485 8771
1500 8772
1515 8773
1530 8774
1545 8775
1560 8776
1575 8777
1590 8778
1605 8779
1620 8780
1635 8781
1650 8782
1665 8783
1680 8784
1695 8785
1710 8786
1725 8787
1740 8788
1755 8789
1770 8790
1785 8791
1800 8792
1815 8793
1830 8794
1845 8795
1860 8796
1875 8797
1890 8798
1905 8799
1920 8800
1935 8801
1950 8802
1965 8803
1980 8804
1995 8805
2010 8806
2025 8807
2040 8808
2055 8809
2070 8810
2085 8811
2100 8812
2115 8813
2130 8814
2145 8815
2160 8816
2175 8817
2190 8818
2205 8819
2220 8820
2235 8821
2250 8822
2265 8823
2280 8824
2295 8825
2310 8826
2325 8827
2340 8828
2355 8829
2370 8830
2385 8831
2400 8832
2415 8833
2430 8834
2445 8835
2460 8836
2475 8837
2490 8838
2505 8839
2520 8840
2535 8841
2550 8842
2565 8843
2580 8844
2595 8845
2610 8846
2625 8847
2640 8848
2655 8849
2670 8850
2685 8851
2700 8852
2715 8853
2730 8854
2745 8855
2760 8856
2775 8857
2790 8858
2805 8859
2820 8860
2835 8861
2850 8862
2865 8863
2880 8864
2895 8865
2910 8866
2925 8867
2940 8868
2955 8869
2970 8870
2985 8871
3000 8872
3015 8873
3030 8874
3045 8875
3060 8876
3075 8877
3090 8878
3105 8879
3120 8880
3135 8881
3150 8882
3165 8883
3180 8884
3195 8885
3210 8886
3225 8887
3240 8888
3255 8889
3270 8890
3285 8891
3300 8892
3315 8893
3330 8894
3345 8895
3360 8896
3375 8897
3390 8898
3405 8899
3420 8900
3435 8901
3450 8902
3465 8903
3480 8904
3495 8905
3510 8906
3525 8907
3540 8908
3555 8909
3570 8910
3585 8911
3600 8912
3615 8913
3630 8914
3645 8915
3660 8916
3675 8917
3690 8918
3705 8919
3720 8920
3735 8921
3750 8922
3765 8923
3780 8924
3795 8925
3810 8926
3825 8927
3840 8928
3855 8929
3870 8930
3885 8931
3900 8932
3915 8933
3930 8934
3945 8935
3960 8936
3975 8937
3990 8938
4005 8939
4020 8940
4035 8941
4050 8942
4065 8943
4080 8944
4095 8945
4110 8946
4125 8947
4140 8948
4155 8949
4170 8950
4185 8951
4200 8952
4215 8953
4230 8954
4245 8955
4260 8956
4275 8957
4290 8958
4305 8959
4320 8960
4335 8961
4350 8962
4365 8963
4380 8964
4395 8965
4410 8966
4425 8967
4440 8968
4455 8969
4470 8970
4485 8971
4500 8972
4515 8973
4530 8974
4545 8975
4560 8976
4575 8977
4590 8978
4605 8979
4620 8980
4635 8981
4650 8982
4665 8983
4680 8984
4695 8985
4710 8986
4725 8987
4740 8988
4755 8989
4770 8990
4785 8991
4800 8992
4815 8993
4830 8994
4845 8995
4860 8996
4875 8997
4890 8998
4905 8999
4920 9000
4935 9001
4950 9002
4965 9003
4980 9004
4995 9005
5010 9006
5025 9007
5040 9008
5055 9009
5070 9010
5085 9011
5100 9012
5115 9013
5130 9014
5145 9015
5160 9016
5175 9017
5190 9018
5205 9019
5220 9020
5235 9021
5250 9022
5265 9023
5280 9024
5295 9025
5310 9026
5325 9027
5340 9028
5355 9029
5370 9030
5385 9031
5400 9032
5415 9033
5430 9034
5445 9035
5460 9036
5475 9037
5490 9038
5505 9039
5520 9040
5535 9041
5550 9042
5565 9043
5580 9044
5595 9045
5610 9046
5625 9047
5640 9048
5655 9049
5670 9050
5685 9051
5700 9052
5715 9053
5730 9054
5745 9055
5760 9056
5775 9057
5790 9058
5805 9059
5820 9060
5835 9061
5850 9062
5865 9063
5880 9064
5895 9065
5910 9066
5925 9067
5940 9068
5955 9069
5970 9070
5985 9071
6000 9072
6015 9073
6030 9074
6045 9075
6060 9076
6075 9077
6090 9078
6105 9079
6120 9080
6135 9081
6150 9082
6165 9083
6180 9084
6195 9085
6210 9086
6225 9087
6240 9088
6255 9089
6270 9090
6285 9091
6300 9092
6315 9093
6330 9094
6345 9095
6360 9096
6375 9097
6390 9098
6405 9099
6420 9100
6435 9101
6450 9102
6465 9103
6480 9104
6495 9105
6510 9106
6525 9107
6540 9108
6555 9109
6570 9110
6585 9111
6600 9112
6615 9113
6630 9114
6645 9115
6660 9116
6675 9117
6690 9118
6705 9119
6720 9120
6735 9121
6750 9122
6765 9123
6780 9124
6795 9125
6810 9126
6825 9127
6840 9128
6855 9129
6870 9130
6885 9131
6900 9132
6915 9133
6930 9134
6945 9135
6960 9136
6975 9137
6990 9138
7005 9139
7020 9140
7035 9141
7050 9142
7065 9143
7080 9144
7095 9145
7110 9146
7125 9147
7140 9148
7155 9149
7170 9150
7185 9151
7200 9152
7215 9153
7230 9154
7245 9155
7260 9156
7275 9157
7290 9158
7305 9159
7320 9160
7335 9161
7350 9162
7365 9163
7380 9164
7395 9165
7410 9166
7425 9167
7440 9168
7455 9169
7470 9170
7485 9171
7500 9172
7515 9173
7530 9174
7545 9175
7560 9176
7575 9177
7590 9178
7605 9179
7620 9180
7635 9181
7650 9182
7665 9183
7680 9184
7695 9185
7710 9186
7725 9187
7740 9188
7755 9189
7770 9190
7785 9191
7800 9192
7815 9193
7830 9194
7845 9195
7860 9196
7875 9197
7890 9198
7905 9199
7920 9200
7935 9201
7950 9202
7965 9203
7980 9204
7995 9205
8010 9206
8025 9207
8040 9208
8055 9209
8070 9210
8085 9211
8100 9212
8115 9213
8130 9214
8145 9215
8160 9216
8175 9217
8190 9218
8205 9219
8220 9220
8235 9221
8250 9222
8265 9223
8280 9224
8295 9225
8310 9226
8325 9227
8340 9228
8355 9229
8370 9230
8385 9231
8400 9232
8415 9233
8430 9234
8445 9235
8460 9236
8475 9237
8490 9238
8505 9239
8520 9240
8535 9241
8550 9242
8565 9243
8580 9244
8595 9245
8610 9246
8625 9247
8640 9248
8655 9249
8670 9250
8685 9251
8700 9252
8715 9253
8730 9254
8745 9255
8760 9256
8775 9257
8790 9258
8805 9259
8820 9260
8835 9261
8850 9262
8865 9263
8880 9264
8895 9265
8910 9266
8925 9267
8940 9268
8955 9269
8970 9270
8985 9271
9000 9272
9015 9273
9030 9274
9045 9275
9060 9276
9075 9277
9090 9278
9105 9279
9120 9280
9135 9281
9150 9282
9165 9283
9180 9284
9195 9285
9210 9286
9225 9287
9240 9288
9255 9289
9270 9290
9285 9291
9300 9292
9315 9293
9330 9294
9345 9295
9360 9296
9375 9297
9390 9298
9405 9299
9420 9300
9435 9301
9450 9302
9465 9303
9480 9304
9495 9305
9510 9306
9525 9307
9540 9308
9555 9309
9570 9310
9585 9311
9600 9312
9615 9313
9630 9314
9645 9315
9660 9316
9675 9317
9690 9318
9705 9319
9720 9320
9735 9321
9750 9322
9765 9323
9780 9324
9795 9325
9810 9326
9825 9327
9840 9328
9855 9329
9870 9330
9885 9331
9900 9332
9915 9333
9930 9334
9945 9335
9960 9336
9975 9337
9990 9338
News data saved to news_data_13.json with 10005 articles
0 9339
15 9340
30 9341
45 9342
60 9343
75 9344
90 9345
105 9346
120 9347
135 9348
150 9349
165 9350
180 9351
195 9352
210 9353
225 9354
240 9355
255 9356
270 9357
285 9358
300 9359
315 9360
330 9361
345 9362
360 9363
375 9364
390 9365
405 9366
420 9367
435 9368
450 9369
465 9370
480 9371
495 9372
510 9373
525 9374
540 9375
555 9376
570 9377
585 9378
600 9379
615 9380
630 9381
645 9382
660 9383
675 9384
690 9385
705 9386
720 9387
735 9388
750 9389
765 9390
780 9391
795 9392
810 9393
825 9394
840 9395
855 9396
870 9397
885 9398
900 9399
915 9400
930 9401
945 9402
960 9403
975 9404
990 9405
1005 9406
1020 9407
1035 9408
1050 9409
1065 9410
1080 9411
1095 9412
1110 9413
1125 9414
1140 9415
1155 9416
1170 9417
1185 9418
1200 9419
1215 9420
1230 9421
1245 9422
1260 9423
1275 9424
1290 9425
1305 9426
1320 9427
1335 9428
1350 9429
1365 9430
1380 9431
1395 9432
1410 9433
1425 9434
1440 9435
1455 9436
1470 9437
1485 9438
1500 9439
1515 9440
1530 9441
1545 9442
1560 9443
1575 9444
1590 9445
1605 9446
1620 9447
1635 9448
1650 9449
1665 9450
1680 9451
1695 9452
1710 9453
1725 9454
1740 9455
1755 9456
1770 9457
1785 9458
1800 9459
1815 9460
1830 9461
1845 9462
1860 9463
1875 9464
1890 9465
1905 9466
1920 9467
1935 9468
1950 9469
1965 9470
1980 9471
1995 9472
2010 9473
2025 9474
2040 9475
2055 9476
2070 9477
2085 9478
2100 9479
2115 9480
2130 9481
2145 9482
2160 9483
2175 9484
2190 9485
2205 9486
2220 9487
2235 9488
2250 9489
2265 9490
2280 9491
2295 9492
2310 9493
2325 9494
2340 9495
2355 9496
2370 9497
2385 9498
2400 9499
2415 9500
2430 9501
2445 9502
2460 9503
2475 9504
2490 9505
2505 9506
2520 9507
2535 9508
2550 9509
2565 9510
2580 9511
2595 9512
2610 9513
2625 9514
2640 9515
2655 9516
2670 9517
2685 9518
2700 9519
2715 9520
2730 9521
2745 9522
2760 9523
2775 9524
2790 9525
2805 9526
2820 9527
2835 9528
2850 9529
2865 9530
2880 9531
2895 9532
2910 9533
2925 9534
2940 9535
2955 9536
2970 9537
2985 9538
3000 9539
3015 9540
News data saved to news_data_14.json with 3028 articles
