0 1
25 2
50 3
75 4
100 5
125 6
150 7
175 8
200 9
225 10
250 11
275 12
300 13
325 14
350 15
375 16
400 17
425 18
450 19
475 20
500 21
525 22
550 23
575 24
600 25
625 26
650 27
675 28
700 29
725 30
750 31
775 32
800 33
825 34
850 35
875 36
900 37
925 38
950 39
975 40
1000 41
1025 42
1050 43
1075 44
1100 45
1125 46
1150 47
1175 48
1200 49
1225 50
1250 51
1275 52
1300 53
1325 54
1350 55
1375 56
1400 57
1425 58
1450 59
1475 60
1500 61
1525 62
1550 63
1575 64
1600 65
1625 66
1650 67
1675 68
1700 69
1725 70
1750 71
1775 72
1800 73
1825 74
1850 75
1875 76
1900 77
1925 78
1950 79
1975 80
2000 81
2025 82
2050 83
2075 84
2100 85
2125 86
2150 87
2175 88
2200 89
2225 90
2250 91
2275 92
2300 93
2325 94
2350 95
2375 96
2400 97
2425 98
2450 99
2475 100
2500 101
2525 102
2550 103
2575 104
2600 105
2625 106
2650 107
2675 108
2700 109
2725 110
2750 111
2775 112
2800 113
2825 114
2850 115
2875 116
2900 117
2925 118
2950 119
2975 120
3000 121
3025 122
3050 123
3075 124
3100 125
3125 126
3150 127
3175 128
3200 129
3225 130
3250 131
3275 132
3300 133
3325 134
3350 135
3375 136
3400 137
3425 138
3450 139
3475 140
3500 141
3525 142
3550 143
3575 144
3600 145
3625 146
3650 147
3675 148
3700 149
3725 150
3750 151
3775 152
3800 153
3825 154
3850 155
3875 156
3900 157
3925 158
3950 159
3975 160
4000 161
4025 162
4050 163
4075 164
4100 165
4125 166
4150 167
4175 168
4200 169
4225 170
4250 171
4275 172
4300 173
4325 174
4350 175
4375 176
4400 177
4425 178
4450 179
4475 180
4500 181
4525 182
4550 183
4575 184
4600 185
4625 186
4650 187
4675 188
4700 189
4725 190
4750 191
4775 192
4800 193
4825 194
4850 195
4875 196
4900 197
4925 198
4950 199
4975 200
5000 201
News data saved to news_data_this_is_game_0.json with 5025 articles
0 202
25 203
50 204
75 205
100 206
125 207
150 208
175 209
200 210
225 211
250 212
275 213
300 214
325 215
350 216
375 217
400 218
425 219
450 220
475 221
500 222
525 223
550 224
575 225
600 226
625 227
650 228
675 229
700 230
725 231
750 232
775 233
800 234
825 235
850 236
875 237
900 238
925 239
950 240
975 241
1000 242
1025 243
1050 244
1075 245
1100 246
1125 247
1150 248
1175 249
1200 250
1225 251
1250 252
1275 253
1300 254
1325 255
1350 256
1375 257
1400 258
1425 259
1450 260
1475 261
1500 262
1525 263
1550 264
1575 265
1600 266
1625 267
1650 268
1675 269
1700 270
1725 271
1750 272
1775 273
1800 274
1825 275
1850 276
1875 277
1900 278
1925 279
1950 280
1975 281
2000 282
2025 283
2050 284
2075 285
2100 286
2125 287
2150 288
2175 289
2200 290
2225 291
2250 292
2275 293
2300 294
2325 295
2350 296
2375 297
2400 298
2425 299
2450 300
2475 301
2500 302
2525 303
2550 304
2575 305
2600 306
2625 307
2650 308
2675 309
2700 310
2725 311
2750 312
2775 313
2800 314
2825 315
2850 316
2875 317
2900 318
2925 319
2950 320
2975 321
3000 322
3025 323
3050 324
3075 325
3100 326
3125 327
3150 328
3175 329
3200 330
3225 331
3250 332
3275 333
3300 334
3325 335
3350 336
3375 337
3400 338
3425 339
3450 340
3475 341
3500 342
3525 343
3550 344
3575 345
3600 346
3625 347
3650 348
3675 349
3700 350
3725 351
3750 352
3775 353
3800 354
3825 355
3850 356
3875 357
3900 358
3925 359
3950 360
3975 361
4000 362
4025 363
4050 364
4075 365
4100 366
4125 367
4150 368
4175 369
4200 370
4225 371
4250 372
4275 373
4300 374
4325 375
4350 376
4375 377
4400 378
4425 379
4450 380
4475 381
4500 382
4525 383
4550 384
4575 385
4600 386
4625 387
4650 388
4675 389
4700 390
4725 391
4750 392
4775 393
4800 394
4825 395
4850 396
4875 397
4900 398
4925 399
4950 400
4975 401
5000 402
News data saved to news_data_this_is_game_1.json with 5025 articles
0 403
25 404
50 405
75 406
100 407
125 408
150 409
175 410
200 411
225 412
250 413
275 414
300 415
325 416
350 417
375 418
400 419
425 420
450 421
475 422
500 423
525 424
550 425
575 426
600 427
625 428
650 429
675 430
700 431
725 432
750 433
775 434
800 435
825 436
850 437
875 438
900 439
925 440
950 441
975 442
1000 443
1025 444
1050 445
1075 446
1100 447
1125 448
1150 449
1175 450
1200 451
1225 452
1250 453
1275 454
1300 455
1325 456
1350 457
1375 458
1400 459
1425 460
1450 461
1475 462
1500 463
1525 464
1550 465
1575 466
1600 467
1625 468
1650 469
1675 470
1700 471
1725 472
1750 473
1775 474
1800 475
1825 476
1850 477
1875 478
1900 479
1925 480
1950 481
1975 482
2000 483
2025 484
2050 485
2075 486
2100 487
2125 488
2150 489
2175 490
2200 491
2225 492
2250 493
2275 494
2300 495
2325 496
2350 497
2375 498
2400 499
2425 500
2450 501
2475 502
2500 503
2525 504
2550 505
2575 506
2600 507
2625 508
2650 509
2675 510
2700 511
2725 512
2750 513
2775 514
2800 515
2825 516
2850 517
2875 518
2900 519
2925 520
2950 521
2975 522
3000 523
3025 524
3050 525
3075 526
3100 527
3125 528
3150 529
3175 530
3200 531
3225 532
3250 533
3275 534
3300 535
3325 536
3350 537
3375 538
3400 539
3425 540
3450 541
3475 542
3500 543
3525 544
3550 545
3575 546
3600 547
3625 548
3650 549
3675 550
3700 551
3725 552
3750 553
3775 554
3800 555
3825 556
3850 557
3875 558
3900 559
3925 560
3950 561
3975 562
4000 563
4025 564
4050 565
4075 566
4100 567
4125 568
4150 569
4175 570
4200 571
4225 572
4250 573
4275 574
4300 575
4325 576
4350 577
4375 578
4400 579
4425 580
4450 581
4475 582
4500 583
4525 584
4550 585
4575 586
4600 587
4625 588
4650 589
4675 590
4700 591
4725 592
4750 593
4775 594
4800 595
4825 596
4850 597
4875 598
4900 599
4925 600
4950 601
4975 602
5000 603
News data saved to news_data_this_is_game_2.json with 5025 articles
0 604
25 605
50 606
75 607
100 608
125 609
150 610
175 611
200 612
225 613
250 614
275 615
300 616
325 617
350 618
375 619
400 620
425 621
450 622
475 623
500 624
525 625
550 626
575 627
600 628
625 629
650 630
675 631
700 632
725 633
750 634
775 635
800 636
825 637
850 638
875 639
900 640
925 641
950 642
975 643
1000 644
1025 645
1050 646
1075 647
1100 648
1125 649
1150 650
1175 651
1200 652
1225 653
1250 654
1275 655
News data saved to news_data_this_is_game_3.json with 1285 articles
